{
  "stats": {
    "suites": 6,
    "tests": 15,
    "passes": 13,
    "pending": 0,
    "failures": 2,
    "start": "2021-06-30T12:43:15.346Z",
    "end": "2021-06-30T12:43:45.927Z",
    "duration": 30581,
    "testsRegistered": 15,
    "passPercent": 86.66666666666667,
    "pendingPercent": 0,
    "other": 0,
    "hasOther": false,
    "skipped": 0,
    "hasSkipped": false
  },
  "results": [
    {
      "uuid": "ab14baa1-8f72-4e02-b986-40a3d552b6b6",
      "title": "",
      "fullFile": "cypress/integration/header_search_bar_spec.js",
      "file": "cypress/integration/header_search_bar_spec.js",
      "beforeHooks": [],
      "afterHooks": [],
      "tests": [],
      "suites": [
        {
          "uuid": "86636a20-18c2-4efe-98b0-3fb921ae1753",
          "title": "13 - Implemente os elementos da barra de busca respeitando os atributos descritos no protótipo",
          "fullFile": "",
          "file": "",
          "beforeHooks": [],
          "afterHooks": [],
          "tests": [
            {
              "title": "Tem os data-testids tanto da barra de busca quanto de todos os radio-buttons",
              "fullTitle": "13 - Implemente os elementos da barra de busca respeitando os atributos descritos no protótipo Tem os data-testids tanto da barra de busca quanto de todos os radio-buttons",
              "timedOut": null,
              "duration": 623,
              "state": "passed",
              "speed": "slow",
              "pass": true,
              "fail": false,
              "pending": false,
              "context": null,
              "code": "cy.visit('http://localhost:3000/comidas');\ncy.get('[data-testid=\"search-top-btn\"]').click();\ncy.get('[data-testid=\"search-input\"]');\ncy.get('[data-testid=\"ingredient-search-radio\"]');\ncy.get('[data-testid=\"name-search-radio\"]');\ncy.get('[data-testid=\"first-letter-search-radio\"]');\ncy.get('[data-testid=\"exec-search-btn\"]');",
              "err": {},
              "uuid": "c4412f33-0161-444b-91a7-8019fec1cfc9",
              "parentUUID": "86636a20-18c2-4efe-98b0-3fb921ae1753",
              "isHook": false,
              "skipped": false
            }
          ],
          "suites": [],
          "passes": [
            "c4412f33-0161-444b-91a7-8019fec1cfc9"
          ],
          "failures": [],
          "pending": [],
          "skipped": [],
          "duration": 623,
          "root": false,
          "rootEmpty": false,
          "_timeout": 2000
        },
        {
          "uuid": "622f102c-94a7-4628-a23b-c6f2514d0f43",
          "title": "14 - Posicione a barra logo abaixo do header e implemente 3 radio buttons: Ingrediente, Nome e Primeira letra",
          "fullFile": "",
          "file": "",
          "beforeHooks": [],
          "afterHooks": [],
          "tests": [
            {
              "title": "Se o radio selecionado for Ingrediente, a busca na API é feita corretamente pelo ingrediente",
              "fullTitle": "14 - Posicione a barra logo abaixo do header e implemente 3 radio buttons: Ingrediente, Nome e Primeira letra Se o radio selecionado for Ingrediente, a busca na API é feita corretamente pelo ingrediente",
              "timedOut": null,
              "duration": 708,
              "state": "passed",
              "speed": "slow",
              "pass": true,
              "fail": false,
              "pending": false,
              "context": null,
              "code": "cy.visit('http://localhost:3000/comidas', {\n  onBeforeLoad: function onBeforeLoad(win) {\n    cy.spy(win, 'fetch');\n  }\n});\ncy.get('[data-testid=\"search-top-btn\"]').click();\ncy.get('[data-testid=\"ingredient-search-radio\"]').click();\ncy.get('[data-testid=\"search-input\"]').type('chicken');\ncy.get('[data-testid=\"exec-search-btn\"]').click();\ncy.window().its('fetch').should('be.calledWith', 'https://www.themealdb.com/api/json/v1/1/filter.php?i=chicken');",
              "err": {},
              "uuid": "1c3a50b0-af6a-4f86-8212-fdb329c14078",
              "parentUUID": "622f102c-94a7-4628-a23b-c6f2514d0f43",
              "isHook": false,
              "skipped": false
            },
            {
              "title": "Se o radio selecionado for Nome, a busca na API é feita corretamente pelo nome",
              "fullTitle": "14 - Posicione a barra logo abaixo do header e implemente 3 radio buttons: Ingrediente, Nome e Primeira letra Se o radio selecionado for Nome, a busca na API é feita corretamente pelo nome",
              "timedOut": null,
              "duration": 569,
              "state": "passed",
              "speed": "slow",
              "pass": true,
              "fail": false,
              "pending": false,
              "context": null,
              "code": "cy.visit('http://localhost:3000/comidas', {\n  onBeforeLoad: function onBeforeLoad(win) {\n    cy.spy(win, 'fetch');\n  }\n});\ncy.get('[data-testid=\"search-top-btn\"]').click();\ncy.get('[data-testid=\"name-search-radio\"]').click();\ncy.get('[data-testid=\"search-input\"]').type('soup');\ncy.get('[data-testid=\"exec-search-btn\"]').click();\ncy.window().its('fetch').should('be.calledWith', 'https://www.themealdb.com/api/json/v1/1/search.php?s=soup');",
              "err": {},
              "uuid": "cdc8af3b-3af6-4426-8fb9-c9c1b2f13848",
              "parentUUID": "622f102c-94a7-4628-a23b-c6f2514d0f43",
              "isHook": false,
              "skipped": false
            },
            {
              "title": "Se o radio selecionado for Primeira letra, a busca na API é feita corretamente pelo primeira letra",
              "fullTitle": "14 - Posicione a barra logo abaixo do header e implemente 3 radio buttons: Ingrediente, Nome e Primeira letra Se o radio selecionado for Primeira letra, a busca na API é feita corretamente pelo primeira letra",
              "timedOut": null,
              "duration": 531,
              "state": "passed",
              "speed": "slow",
              "pass": true,
              "fail": false,
              "pending": false,
              "context": null,
              "code": "cy.visit('http://localhost:3000/comidas', {\n  onBeforeLoad: function onBeforeLoad(win) {\n    cy.spy(win, 'fetch');\n  }\n});\ncy.get('[data-testid=\"search-top-btn\"]').click();\ncy.get('[data-testid=\"first-letter-search-radio\"]').click();\ncy.get('[data-testid=\"search-input\"]').type('a');\ncy.get('[data-testid=\"exec-search-btn\"]').click();\ncy.window().its('fetch').should('be.calledWith', 'https://www.themealdb.com/api/json/v1/1/search.php?f=a');",
              "err": {},
              "uuid": "cc3cf66b-7e0f-4d3c-be36-e5c33fff68b8",
              "parentUUID": "622f102c-94a7-4628-a23b-c6f2514d0f43",
              "isHook": false,
              "skipped": false
            },
            {
              "title": "Se o radio selecionado for Primeira letra e a busca na API for feita com mais de uma letra, deve-se exibir um alert",
              "fullTitle": "14 - Posicione a barra logo abaixo do header e implemente 3 radio buttons: Ingrediente, Nome e Primeira letra Se o radio selecionado for Primeira letra e a busca na API for feita com mais de uma letra, deve-se exibir um alert",
              "timedOut": null,
              "duration": 576,
              "state": "passed",
              "speed": "slow",
              "pass": true,
              "fail": false,
              "pending": false,
              "context": null,
              "code": "cy.visit('http://localhost:3000/comidas', {\n  onBeforeLoad: function onBeforeLoad(win) {\n    cy.spy(win, 'alert');\n  }\n});\ncy.get('[data-testid=\"search-top-btn\"]').click();\ncy.get('[data-testid=\"first-letter-search-radio\"]').click();\ncy.get('[data-testid=\"search-input\"]').type('aaa');\ncy.get('[data-testid=\"exec-search-btn\"]').click();\ncy.window().its('alert').should('be.calledWith', 'Sua busca deve conter somente 1 (um) caracter');",
              "err": {},
              "uuid": "d878dbd1-c064-4176-9352-3e861172a38f",
              "parentUUID": "622f102c-94a7-4628-a23b-c6f2514d0f43",
              "isHook": false,
              "skipped": false
            }
          ],
          "suites": [],
          "passes": [
            "1c3a50b0-af6a-4f86-8212-fdb329c14078",
            "cdc8af3b-3af6-4426-8fb9-c9c1b2f13848",
            "cc3cf66b-7e0f-4d3c-be36-e5c33fff68b8",
            "d878dbd1-c064-4176-9352-3e861172a38f"
          ],
          "failures": [],
          "pending": [],
          "skipped": [],
          "duration": 2384,
          "root": false,
          "rootEmpty": false,
          "_timeout": 2000
        },
        {
          "uuid": "153db7f7-67d8-4586-9af7-4a12e853a892",
          "title": "15 - Busque na API de comidas caso a pessoa esteja na página de comidas e na de bebidas caso esteja na de bebidas",
          "fullFile": "",
          "file": "",
          "beforeHooks": [],
          "afterHooks": [],
          "tests": [
            {
              "title": "Na tela de bebidas, se o radio selecionado for Ingrediente, a busca na API é feita corretamente pelo ingrediente",
              "fullTitle": "15 - Busque na API de comidas caso a pessoa esteja na página de comidas e na de bebidas caso esteja na de bebidas Na tela de bebidas, se o radio selecionado for Ingrediente, a busca na API é feita corretamente pelo ingrediente",
              "timedOut": null,
              "duration": 590,
              "state": "passed",
              "speed": "slow",
              "pass": true,
              "fail": false,
              "pending": false,
              "context": null,
              "code": "cy.visit('http://localhost:3000/bebidas', {\n  onBeforeLoad: function onBeforeLoad(win) {\n    cy.spy(win, 'fetch');\n  }\n});\ncy.get('[data-testid=\"search-top-btn\"]').click();\ncy.get('[data-testid=\"ingredient-search-radio\"]').click();\ncy.get('[data-testid=\"search-input\"]').type('lemon');\ncy.get('[data-testid=\"exec-search-btn\"]').click();\ncy.window().its('fetch').should('be.calledWith', 'https://www.thecocktaildb.com/api/json/v1/1/filter.php?i=lemon');",
              "err": {},
              "uuid": "9dc73fb2-4370-4beb-a1f8-2025606d72eb",
              "parentUUID": "153db7f7-67d8-4586-9af7-4a12e853a892",
              "isHook": false,
              "skipped": false
            },
            {
              "title": "Na tela de bebidas, se o radio selecionado for Nome, a busca na API é feita corretamente pelo nome",
              "fullTitle": "15 - Busque na API de comidas caso a pessoa esteja na página de comidas e na de bebidas caso esteja na de bebidas Na tela de bebidas, se o radio selecionado for Nome, a busca na API é feita corretamente pelo nome",
              "timedOut": null,
              "duration": 550,
              "state": "passed",
              "speed": "slow",
              "pass": true,
              "fail": false,
              "pending": false,
              "context": null,
              "code": "cy.visit('http://localhost:3000/bebidas', {\n  onBeforeLoad: function onBeforeLoad(win) {\n    cy.spy(win, 'fetch');\n  }\n});\ncy.get('[data-testid=\"search-top-btn\"]').click();\ncy.get('[data-testid=\"name-search-radio\"]').click();\ncy.get('[data-testid=\"search-input\"]').type('gin');\ncy.get('[data-testid=\"exec-search-btn\"]').click();\ncy.window().its('fetch').should('be.calledWith', 'https://www.thecocktaildb.com/api/json/v1/1/search.php?s=gin');",
              "err": {},
              "uuid": "57b527cc-3903-42a5-b384-4fb3f48f2bf1",
              "parentUUID": "153db7f7-67d8-4586-9af7-4a12e853a892",
              "isHook": false,
              "skipped": false
            },
            {
              "title": "Na tela de bebidas, se o radio selecionado for Primeira letra, a busca na API é feita corretamente pelo primeira letra",
              "fullTitle": "15 - Busque na API de comidas caso a pessoa esteja na página de comidas e na de bebidas caso esteja na de bebidas Na tela de bebidas, se o radio selecionado for Primeira letra, a busca na API é feita corretamente pelo primeira letra",
              "timedOut": null,
              "duration": 501,
              "state": "passed",
              "speed": "slow",
              "pass": true,
              "fail": false,
              "pending": false,
              "context": null,
              "code": "cy.visit('http://localhost:3000/bebidas', {\n  onBeforeLoad: function onBeforeLoad(win) {\n    cy.spy(win, 'fetch');\n  }\n});\ncy.get('[data-testid=\"search-top-btn\"]').click();\ncy.get('[data-testid=\"first-letter-search-radio\"]').click();\ncy.get('[data-testid=\"search-input\"]').type('a');\ncy.get('[data-testid=\"exec-search-btn\"]').click();\ncy.window().its('fetch').should('be.calledWith', 'https://www.thecocktaildb.com/api/json/v1/1/search.php?f=a');",
              "err": {},
              "uuid": "666f63b9-436c-48fc-ab2a-f181eebedb05",
              "parentUUID": "153db7f7-67d8-4586-9af7-4a12e853a892",
              "isHook": false,
              "skipped": false
            },
            {
              "title": "Na tela de bebidas, se o radio selecionado for Primeira letra e a busca na API for feita com mais de uma letra, deve-se exibir um alert",
              "fullTitle": "15 - Busque na API de comidas caso a pessoa esteja na página de comidas e na de bebidas caso esteja na de bebidas Na tela de bebidas, se o radio selecionado for Primeira letra e a busca na API for feita com mais de uma letra, deve-se exibir um alert",
              "timedOut": null,
              "duration": 623,
              "state": "passed",
              "speed": "slow",
              "pass": true,
              "fail": false,
              "pending": false,
              "context": null,
              "code": "cy.visit('http://localhost:3000/bebidas', {\n  onBeforeLoad: function onBeforeLoad(win) {\n    cy.spy(win, 'alert');\n  }\n});\ncy.get('[data-testid=\"search-top-btn\"]').click();\ncy.get('[data-testid=\"first-letter-search-radio\"]').click();\ncy.get('[data-testid=\"search-input\"]').type('aaa');\ncy.get('[data-testid=\"exec-search-btn\"]').click();\ncy.window().its('alert').should('be.calledWith', 'Sua busca deve conter somente 1 (um) caracter');",
              "err": {},
              "uuid": "eaa87eae-5ff3-4432-8d2f-73011b270478",
              "parentUUID": "153db7f7-67d8-4586-9af7-4a12e853a892",
              "isHook": false,
              "skipped": false
            }
          ],
          "suites": [],
          "passes": [
            "9dc73fb2-4370-4beb-a1f8-2025606d72eb",
            "57b527cc-3903-42a5-b384-4fb3f48f2bf1",
            "666f63b9-436c-48fc-ab2a-f181eebedb05",
            "eaa87eae-5ff3-4432-8d2f-73011b270478"
          ],
          "failures": [],
          "pending": [],
          "skipped": [],
          "duration": 2264,
          "root": false,
          "rootEmpty": false,
          "_timeout": 2000
        },
        {
          "uuid": "0f681058-6e67-4fd3-a4a0-89bd162425e3",
          "title": "16 - Redirecione para a tela de detalhes da receita caso apenas uma receita seja encontrada, com o ID da mesma na URL",
          "fullFile": "",
          "file": "",
          "beforeHooks": [],
          "afterHooks": [],
          "tests": [
            {
              "title": "Caso apenas uma comida seja encontrada, deve-se ir para sua rota de detalhes",
              "fullTitle": "16 - Redirecione para a tela de detalhes da receita caso apenas uma receita seja encontrada, com o ID da mesma na URL Caso apenas uma comida seja encontrada, deve-se ir para sua rota de detalhes",
              "timedOut": null,
              "duration": 10890,
              "state": "failed",
              "speed": null,
              "pass": false,
              "fail": true,
              "pending": false,
              "context": null,
              "code": "cy.visit('http://localhost:3000/comidas', {\n  onBeforeLoad: function onBeforeLoad(win) {\n    win.fetch = fetchMock;\n  }\n});\ncy.get('[data-testid=\"search-top-btn\"]').click();\ncy.get('[data-testid=\"name-search-radio\"]').click();\ncy.get('[data-testid=\"search-input\"]').type('Arrabiata');\ncy.get('[data-testid=\"exec-search-btn\"]').click();\ncy.location().should(function (loc) {\n  return expect(loc.pathname).to.eq('/comidas/52771');\n});",
              "err": {
                "message": "CypressError: Timed out retrying: expected '/comidas' to equal '/comidas/52771'",
                "estack": "CypressError: Timed out retrying: expected '/comidas' to equal '/comidas/52771'\n    at Object.cypressErr (http://localhost:3000/__cypress/runner/cypress_runner.js:86207:11)\n    at Object.throwErr (http://localhost:3000/__cypress/runner/cypress_runner.js:86162:18)\n    at Object.throwErrByPath (http://localhost:3000/__cypress/runner/cypress_runner.js:86194:17)\n    at retry (http://localhost:3000/__cypress/runner/cypress_runner.js:76849:16)\n    at onFailFn (http://localhost:3000/__cypress/runner/cypress_runner.js:65634:16)\n    at tryCatcher (http://localhost:3000/__cypress/runner/cypress_runner.js:120203:23)\n    at Promise._settlePromiseFromHandler (http://localhost:3000/__cypress/runner/cypress_runner.js:118139:31)\n    at Promise._settlePromise (http://localhost:3000/__cypress/runner/cypress_runner.js:118196:18)\n    at Promise._settlePromise0 (http://localhost:3000/__cypress/runner/cypress_runner.js:118241:10)\n    at Promise._settlePromises (http://localhost:3000/__cypress/runner/cypress_runner.js:118316:18)\n    at Async../node_modules/bluebird/js/release/async.js.Async._drainQueue (http://localhost:3000/__cypress/runner/cypress_runner.js:114928:16)\n    at Async../node_modules/bluebird/js/release/async.js.Async._drainQueues (http://localhost:3000/__cypress/runner/cypress_runner.js:114938:10)\n    at Async.drainQueues (http://localhost:3000/__cypress/runner/cypress_runner.js:114812:14)",
                "diff": null
              },
              "uuid": "81d36f5c-e758-44cc-9c6a-33ec98e10359",
              "parentUUID": "0f681058-6e67-4fd3-a4a0-89bd162425e3",
              "isHook": false,
              "skipped": false
            },
            {
              "title": "Caso apenas uma bebida seja encontrada, deve-se ir para sua rota de detalhes",
              "fullTitle": "16 - Redirecione para a tela de detalhes da receita caso apenas uma receita seja encontrada, com o ID da mesma na URL Caso apenas uma bebida seja encontrada, deve-se ir para sua rota de detalhes",
              "timedOut": null,
              "duration": 10833,
              "state": "failed",
              "speed": null,
              "pass": false,
              "fail": true,
              "pending": false,
              "context": null,
              "code": "cy.visit('http://localhost:3000/bebidas', {\n  onBeforeLoad: function onBeforeLoad(win) {\n    win.fetch = fetchMock;\n  }\n});\ncy.get('[data-testid=\"search-top-btn\"]').click();\ncy.get('[data-testid=\"name-search-radio\"]').click();\ncy.get('[data-testid=\"search-input\"]').type('Aquamarine');\ncy.get('[data-testid=\"exec-search-btn\"]').click();\ncy.location().should(function (loc) {\n  return expect(loc.pathname).to.eq('/bebidas/178319');\n});",
              "err": {
                "message": "CypressError: Timed out retrying: expected '/bebidas' to equal '/bebidas/178319'",
                "estack": "CypressError: Timed out retrying: expected '/bebidas' to equal '/bebidas/178319'\n    at Object.cypressErr (http://localhost:3000/__cypress/runner/cypress_runner.js:86207:11)\n    at Object.throwErr (http://localhost:3000/__cypress/runner/cypress_runner.js:86162:18)\n    at Object.throwErrByPath (http://localhost:3000/__cypress/runner/cypress_runner.js:86194:17)\n    at retry (http://localhost:3000/__cypress/runner/cypress_runner.js:76849:16)\n    at onFailFn (http://localhost:3000/__cypress/runner/cypress_runner.js:65634:16)\n    at tryCatcher (http://localhost:3000/__cypress/runner/cypress_runner.js:120203:23)\n    at Promise._settlePromiseFromHandler (http://localhost:3000/__cypress/runner/cypress_runner.js:118139:31)\n    at Promise._settlePromise (http://localhost:3000/__cypress/runner/cypress_runner.js:118196:18)\n    at Promise._settlePromise0 (http://localhost:3000/__cypress/runner/cypress_runner.js:118241:10)\n    at Promise._settlePromises (http://localhost:3000/__cypress/runner/cypress_runner.js:118316:18)\n    at Async../node_modules/bluebird/js/release/async.js.Async._drainQueue (http://localhost:3000/__cypress/runner/cypress_runner.js:114928:16)\n    at Async../node_modules/bluebird/js/release/async.js.Async._drainQueues (http://localhost:3000/__cypress/runner/cypress_runner.js:114938:10)\n    at Async.drainQueues (http://localhost:3000/__cypress/runner/cypress_runner.js:114812:14)",
                "diff": null
              },
              "uuid": "e4ece304-2fb2-4722-bd10-e2317a1b8e02",
              "parentUUID": "0f681058-6e67-4fd3-a4a0-89bd162425e3",
              "isHook": false,
              "skipped": false
            }
          ],
          "suites": [],
          "passes": [],
          "failures": [
            "81d36f5c-e758-44cc-9c6a-33ec98e10359",
            "e4ece304-2fb2-4722-bd10-e2317a1b8e02"
          ],
          "pending": [],
          "skipped": [],
          "duration": 21723,
          "root": false,
          "rootEmpty": false,
          "_timeout": 2000
        },
        {
          "uuid": "fa0119bd-2a02-4882-9db2-7616edcb8659",
          "title": "17 - Mostre as receitas em cards caso mais de uma receita seja encontrada",
          "fullFile": "",
          "file": "",
          "beforeHooks": [],
          "afterHooks": [],
          "tests": [
            {
              "title": "Caso mais de uma comida seja encontrada, mostrar as 12 primeiras",
              "fullTitle": "17 - Mostre as receitas em cards caso mais de uma receita seja encontrada Caso mais de uma comida seja encontrada, mostrar as 12 primeiras",
              "timedOut": null,
              "duration": 698,
              "state": "passed",
              "speed": "slow",
              "pass": true,
              "fail": false,
              "pending": false,
              "context": null,
              "code": "cy.visit('http://localhost:3000/comidas', {\n  onBeforeLoad: function onBeforeLoad(win) {\n    win.fetch = fetchMock;\n  }\n});\ncy.get('[data-testid=\"search-top-btn\"]').click();\ncy.get('[data-testid=\"name-search-radio\"]').click();\ncy.get('[data-testid=\"search-input\"]').type('soup');\ncy.get('[data-testid=\"exec-search-btn\"]').click();\nsoupMeals.meals.forEach(function (meal, index) {\n  cy.get(\"[data-testid=\\\"\".concat(index, \"-recipe-card\\\"]\"));\n  cy.get(\"[data-testid=\\\"\".concat(index, \"-card-img\\\"]\")).should('have.attr', 'src').should('include', meal['strMealThumb']);\n  cy.get(\"[data-testid=\\\"\".concat(index, \"-card-name\\\"]\")).contains(meal['strMeal']);\n});\ncy.get('[data-testid=\"10-recipe-card\"]').should('not.exist');\ncy.get('[data-testid=\"10-card-img\"]').should('not.exist');\ncy.get('[data-testid=\"10-card-name\"]').should('not.exist');",
              "err": {},
              "uuid": "b1c3466c-44b6-4b59-86e2-a25cbc6cc201",
              "parentUUID": "fa0119bd-2a02-4882-9db2-7616edcb8659",
              "isHook": false,
              "skipped": false
            },
            {
              "title": "Caso mais de uma bebida seja encontrada, mostrar as 12 primeiras",
              "fullTitle": "17 - Mostre as receitas em cards caso mais de uma receita seja encontrada Caso mais de uma bebida seja encontrada, mostrar as 12 primeiras",
              "timedOut": null,
              "duration": 617,
              "state": "passed",
              "speed": "slow",
              "pass": true,
              "fail": false,
              "pending": false,
              "context": null,
              "code": "cy.visit('http://localhost:3000/bebidas', {\n  onBeforeLoad: function onBeforeLoad(win) {\n    win.fetch = fetchMock;\n  }\n});\ncy.get('[data-testid=\"search-top-btn\"]').click();\ncy.get('[data-testid=\"name-search-radio\"]').click();\ncy.get('[data-testid=\"search-input\"]').type('gin');\ncy.get('[data-testid=\"exec-search-btn\"]').click();\nginDrinks.drinks.slice(0, 12).forEach(function (drink, index) {\n  cy.get(\"[data-testid=\\\"\".concat(index, \"-recipe-card\\\"]\"));\n  cy.get(\"[data-testid=\\\"\".concat(index, \"-card-img\\\"]\")).should('have.attr', 'src').should('include', drink['strDrinkThumb']);\n  cy.get(\"[data-testid=\\\"\".concat(index, \"-card-name\\\"]\")).contains(drink['strDrink']);\n});\ncy.get('[data-testid=\"12-recipe-card\"]').should('not.exist');\ncy.get('[data-testid=\"12-card-img\"]').should('not.exist');\ncy.get('[data-testid=\"12-card-name\"]').should('not.exist');",
              "err": {},
              "uuid": "73f1b1e0-2dea-4fa4-b191-fe0ba5fca924",
              "parentUUID": "fa0119bd-2a02-4882-9db2-7616edcb8659",
              "isHook": false,
              "skipped": false
            }
          ],
          "suites": [],
          "passes": [
            "b1c3466c-44b6-4b59-86e2-a25cbc6cc201",
            "73f1b1e0-2dea-4fa4-b191-fe0ba5fca924"
          ],
          "failures": [],
          "pending": [],
          "skipped": [],
          "duration": 1315,
          "root": false,
          "rootEmpty": false,
          "_timeout": 2000
        },
        {
          "uuid": "2252a9c6-1019-4502-9d8c-6d6f0924979f",
          "title": "18 - Exiba um `alert` caso nenhuma receita seja encontrada",
          "fullFile": "",
          "file": "",
          "beforeHooks": [],
          "afterHooks": [],
          "tests": [
            {
              "title": "Caso nenhuma comida seja encontrada o alert deve ser exibido",
              "fullTitle": "18 - Exiba um `alert` caso nenhuma receita seja encontrada Caso nenhuma comida seja encontrada o alert deve ser exibido",
              "timedOut": null,
              "duration": 654,
              "state": "passed",
              "speed": "slow",
              "pass": true,
              "fail": false,
              "pending": false,
              "context": null,
              "code": "cy.visit('http://localhost:3000/comidas', {\n  onBeforeLoad: function onBeforeLoad(win) {\n    win.fetch = fetchMock;\n    cy.spy(win, 'alert');\n  }\n});\ncy.get('[data-testid=\"search-top-btn\"]').click();\ncy.get('[data-testid=\"name-search-radio\"]').click();\ncy.get('[data-testid=\"search-input\"]').type('xablau');\ncy.get('[data-testid=\"exec-search-btn\"]').click();\ncy.window().its('alert').should('be.calledWith', 'Sinto muito, não encontramos nenhuma receita para esses filtros.');",
              "err": {},
              "uuid": "f4a87788-fea3-4480-ac37-51f65b451fb5",
              "parentUUID": "2252a9c6-1019-4502-9d8c-6d6f0924979f",
              "isHook": false,
              "skipped": false
            },
            {
              "title": "Caso nenhuma bebida seja encontrada o alert deve ser exibido",
              "fullTitle": "18 - Exiba um `alert` caso nenhuma receita seja encontrada Caso nenhuma bebida seja encontrada o alert deve ser exibido",
              "timedOut": null,
              "duration": 567,
              "state": "passed",
              "speed": "slow",
              "pass": true,
              "fail": false,
              "pending": false,
              "context": null,
              "code": "cy.visit('http://localhost:3000/bebidas', {\n  onBeforeLoad: function onBeforeLoad(win) {\n    win.fetch = fetchMock;\n    cy.spy(win, 'alert');\n  }\n});\ncy.get('[data-testid=\"search-top-btn\"]').click();\ncy.get('[data-testid=\"name-search-radio\"]').click();\ncy.get('[data-testid=\"search-input\"]').type('xablau');\ncy.get('[data-testid=\"exec-search-btn\"]').click();\ncy.window().its('alert').should('be.calledWith', 'Sinto muito, não encontramos nenhuma receita para esses filtros.');",
              "err": {},
              "uuid": "4ca2304e-7f3c-400d-a994-e4b111a29842",
              "parentUUID": "2252a9c6-1019-4502-9d8c-6d6f0924979f",
              "isHook": false,
              "skipped": false
            }
          ],
          "suites": [],
          "passes": [
            "f4a87788-fea3-4480-ac37-51f65b451fb5",
            "4ca2304e-7f3c-400d-a994-e4b111a29842"
          ],
          "failures": [],
          "pending": [],
          "skipped": [],
          "duration": 1221,
          "root": false,
          "rootEmpty": false,
          "_timeout": 2000
        }
      ],
      "passes": [],
      "failures": [],
      "pending": [],
      "skipped": [],
      "duration": 0,
      "root": true,
      "rootEmpty": true,
      "_timeout": 2000
    }
  ],
  "meta": {
    "mocha": {
      "version": "8.2.1"
    },
    "mochawesome": {
      "options": {
        "quiet": false,
        "reportFilename": "mochawesome",
        "saveHtml": false,
        "saveJson": true,
        "consoleReporter": "spec",
        "useInlineDiffs": false,
        "code": true
      },
      "version": "6.2.1"
    },
    "marge": {
      "options": {
        "id": "default",
        "reportDir": "cypress/reports",
        "overwrite": false,
        "html": false,
        "json": true
      },
      "version": "5.1.0"
    }
  }
}