{
  "stats": {
    "suites": 6,
    "tests": 22,
    "passes": 19,
    "pending": 0,
    "failures": 3,
    "start": "2021-07-08T03:40:24.556Z",
    "end": "2021-07-08T03:41:00.982Z",
    "duration": 36426,
    "testsRegistered": 22,
    "passPercent": 86.36363636363636,
    "pendingPercent": 0,
    "other": 0,
    "hasOther": false,
    "skipped": 0,
    "hasSkipped": false
  },
  "results": [
    {
      "uuid": "c1b0e6dc-3b54-4a09-93ba-91d083f317f7",
      "title": "",
      "fullFile": "cypress/integration/footer_spec.js",
      "file": "cypress/integration/footer_spec.js",
      "beforeHooks": [],
      "afterHooks": [],
      "tests": [],
      "suites": [
        {
          "uuid": "30e6b9d9-2d98-4783-a913-88181039b8fd",
          "title": "19 - Implemente os elementos do menu inferior respeitando os atributos descritos no protótipo",
          "fullFile": "",
          "file": "",
          "beforeHooks": [],
          "afterHooks": [],
          "tests": [
            {
              "title": "Tem os data-testids footer, drinks-bottom-btn, explore-bottom-btn e food-bottom-btn",
              "fullTitle": "19 - Implemente os elementos do menu inferior respeitando os atributos descritos no protótipo Tem os data-testids footer, drinks-bottom-btn, explore-bottom-btn e food-bottom-btn",
              "timedOut": null,
              "duration": 779,
              "state": "passed",
              "speed": "slow",
              "pass": true,
              "fail": false,
              "pending": false,
              "context": null,
              "code": "cy.visit('http://localhost:3000/comidas');\ncy.get('[data-testid=\"footer\"]');\ncy.get('[data-testid=\"drinks-bottom-btn\"]');\ncy.get('[data-testid=\"explore-bottom-btn\"]');\ncy.get('[data-testid=\"food-bottom-btn\"]');",
              "err": {},
              "uuid": "eb890392-5598-458b-b955-fb3b09fbe0a8",
              "parentUUID": "30e6b9d9-2d98-4783-a913-88181039b8fd",
              "isHook": false,
              "skipped": false
            }
          ],
          "suites": [],
          "passes": [
            "eb890392-5598-458b-b955-fb3b09fbe0a8"
          ],
          "failures": [],
          "pending": [],
          "skipped": [],
          "duration": 779,
          "root": false,
          "rootEmpty": false,
          "_timeout": 2000
        },
        {
          "uuid": "a3e14c79-9579-46a0-9303-702f74ad0fd9",
          "title": "20 - Posicione o menu inferior de forma fixa e apresente 3 ícones: um para comidas, um para bebidas e outro para exploração",
          "fullFile": "",
          "file": "",
          "beforeHooks": [],
          "afterHooks": [],
          "tests": [
            {
              "title": "O menu inferior deve ficar fixado sempre ao final da página",
              "fullTitle": "20 - Posicione o menu inferior de forma fixa e apresente 3 ícones: um para comidas, um para bebidas e outro para exploração O menu inferior deve ficar fixado sempre ao final da página",
              "timedOut": null,
              "duration": 189,
              "state": "passed",
              "speed": "slow",
              "pass": true,
              "fail": false,
              "pending": false,
              "context": null,
              "code": "cy.visit('http://localhost:3000/comidas');\ncy.get('[data-testid=\"footer\"]').should('have.css', 'position', 'fixed');\ncy.get('[data-testid=\"footer\"]').should('have.css', 'bottom', '0px');",
              "err": {},
              "uuid": "19b06ac2-01f9-483b-b2ff-452fb2979a0d",
              "parentUUID": "a3e14c79-9579-46a0-9303-702f74ad0fd9",
              "isHook": false,
              "skipped": false
            },
            {
              "title": "Apresenta os ícones corretos",
              "fullTitle": "20 - Posicione o menu inferior de forma fixa e apresente 3 ícones: um para comidas, um para bebidas e outro para exploração Apresenta os ícones corretos",
              "timedOut": null,
              "duration": 189,
              "state": "passed",
              "speed": "slow",
              "pass": true,
              "fail": false,
              "pending": false,
              "context": null,
              "code": "cy.visit('http://localhost:3000/comidas');\ncy.get('[data-testid=\"drinks-bottom-btn\"]').should('have.attr', 'src').should('include', 'drinkIcon');\ncy.get('[data-testid=\"explore-bottom-btn\"]').should('have.attr', 'src').should('include', 'exploreIcon');\ncy.get('[data-testid=\"food-bottom-btn\"]').should('have.attr', 'src').should('include', 'mealIcon');",
              "err": {},
              "uuid": "f35f363c-74d6-4acf-84e4-08df9154e661",
              "parentUUID": "a3e14c79-9579-46a0-9303-702f74ad0fd9",
              "isHook": false,
              "skipped": false
            }
          ],
          "suites": [],
          "passes": [
            "19b06ac2-01f9-483b-b2ff-452fb2979a0d",
            "f35f363c-74d6-4acf-84e4-08df9154e661"
          ],
          "failures": [],
          "pending": [],
          "skipped": [],
          "duration": 378,
          "root": false,
          "rootEmpty": false,
          "_timeout": 2000
        },
        {
          "uuid": "113452d5-8ae4-4d75-a616-a441f17c88b6",
          "title": "21 - Exiba o menu inferior apenas nas telas indicadas pelo protótipo",
          "fullFile": "",
          "file": "",
          "beforeHooks": [],
          "afterHooks": [],
          "tests": [
            {
              "title": "Não tem footer na tela de login",
              "fullTitle": "21 - Exiba o menu inferior apenas nas telas indicadas pelo protótipo Não tem footer na tela de login",
              "timedOut": null,
              "duration": 123,
              "state": "passed",
              "speed": "slow",
              "pass": true,
              "fail": false,
              "pending": false,
              "context": null,
              "code": "cy.visit('http://localhost:3000/');\nhasNoFooter();",
              "err": {},
              "uuid": "d682028e-9206-4177-8a89-974216350d5e",
              "parentUUID": "113452d5-8ae4-4d75-a616-a441f17c88b6",
              "isHook": false,
              "skipped": false
            },
            {
              "title": "Tem footer na tela de principal de receitas de comidas",
              "fullTitle": "21 - Exiba o menu inferior apenas nas telas indicadas pelo protótipo Tem footer na tela de principal de receitas de comidas",
              "timedOut": null,
              "duration": 235,
              "state": "passed",
              "speed": "slow",
              "pass": true,
              "fail": false,
              "pending": false,
              "context": null,
              "code": "cy.visit('http://localhost:3000/comidas');\nhasFooter();",
              "err": {},
              "uuid": "821ec8cc-df1c-48c6-9c2e-ad495860d360",
              "parentUUID": "113452d5-8ae4-4d75-a616-a441f17c88b6",
              "isHook": false,
              "skipped": false
            },
            {
              "title": "Tem footer na tela de principal de receitas de bebidas",
              "fullTitle": "21 - Exiba o menu inferior apenas nas telas indicadas pelo protótipo Tem footer na tela de principal de receitas de bebidas",
              "timedOut": null,
              "duration": 317,
              "state": "passed",
              "speed": "slow",
              "pass": true,
              "fail": false,
              "pending": false,
              "context": null,
              "code": "cy.visit('http://localhost:3000/bebidas');\nhasFooter();",
              "err": {},
              "uuid": "ec99a4da-707c-49bf-989a-3c273cb65e38",
              "parentUUID": "113452d5-8ae4-4d75-a616-a441f17c88b6",
              "isHook": false,
              "skipped": false
            },
            {
              "title": "Não tem footer na tela de detalhes de uma receita de comida",
              "fullTitle": "21 - Exiba o menu inferior apenas nas telas indicadas pelo protótipo Não tem footer na tela de detalhes de uma receita de comida",
              "timedOut": null,
              "duration": 281,
              "state": "passed",
              "speed": "slow",
              "pass": true,
              "fail": false,
              "pending": false,
              "context": null,
              "code": "cy.visit('http://localhost:3000/comidas/52771');\nhasNoFooter();",
              "err": {},
              "uuid": "8f4103d6-c6cd-4414-98c5-a68ac70a6830",
              "parentUUID": "113452d5-8ae4-4d75-a616-a441f17c88b6",
              "isHook": false,
              "skipped": false
            },
            {
              "title": "Não tem footer na tela de detalhes de uma receita de bebida",
              "fullTitle": "21 - Exiba o menu inferior apenas nas telas indicadas pelo protótipo Não tem footer na tela de detalhes de uma receita de bebida",
              "timedOut": null,
              "duration": 171,
              "state": "passed",
              "speed": "slow",
              "pass": true,
              "fail": false,
              "pending": false,
              "context": null,
              "code": "cy.visit('http://localhost:3000/bebidas/178319');\nhasNoFooter();",
              "err": {},
              "uuid": "28bfa936-4f85-43d1-84be-2cd2a3037ba3",
              "parentUUID": "113452d5-8ae4-4d75-a616-a441f17c88b6",
              "isHook": false,
              "skipped": false
            },
            {
              "title": "Não tem footer na tela de receita em processo de comida",
              "fullTitle": "21 - Exiba o menu inferior apenas nas telas indicadas pelo protótipo Não tem footer na tela de receita em processo de comida",
              "timedOut": null,
              "duration": 147,
              "state": "passed",
              "speed": "slow",
              "pass": true,
              "fail": false,
              "pending": false,
              "context": null,
              "code": "cy.visit('http://localhost:3000/comidas/52771/in-progress');\nhasNoFooter();",
              "err": {},
              "uuid": "2b7a8660-c5db-4d40-ada7-ef1c4e8778f3",
              "parentUUID": "113452d5-8ae4-4d75-a616-a441f17c88b6",
              "isHook": false,
              "skipped": false
            },
            {
              "title": "Não tem footer na tela de receita em processo de bebida",
              "fullTitle": "21 - Exiba o menu inferior apenas nas telas indicadas pelo protótipo Não tem footer na tela de receita em processo de bebida",
              "timedOut": null,
              "duration": 117,
              "state": "passed",
              "speed": "slow",
              "pass": true,
              "fail": false,
              "pending": false,
              "context": null,
              "code": "cy.visit('http://localhost:3000/bebidas/178319/in-progress');\nhasNoFooter();",
              "err": {},
              "uuid": "74d5b77f-58c0-496f-b5c0-9b35074cf8b8",
              "parentUUID": "113452d5-8ae4-4d75-a616-a441f17c88b6",
              "isHook": false,
              "skipped": false
            },
            {
              "title": "Tem footer na tela de explorar",
              "fullTitle": "21 - Exiba o menu inferior apenas nas telas indicadas pelo protótipo Tem footer na tela de explorar",
              "timedOut": null,
              "duration": 159,
              "state": "passed",
              "speed": "slow",
              "pass": true,
              "fail": false,
              "pending": false,
              "context": null,
              "code": "cy.visit('http://localhost:3000/explorar');\nhasFooter();",
              "err": {},
              "uuid": "1763e160-6b1d-4054-9aa3-7a7623049919",
              "parentUUID": "113452d5-8ae4-4d75-a616-a441f17c88b6",
              "isHook": false,
              "skipped": false
            },
            {
              "title": "Tem footer na tela de explorar comidas",
              "fullTitle": "21 - Exiba o menu inferior apenas nas telas indicadas pelo protótipo Tem footer na tela de explorar comidas",
              "timedOut": null,
              "duration": 149,
              "state": "passed",
              "speed": "slow",
              "pass": true,
              "fail": false,
              "pending": false,
              "context": null,
              "code": "cy.visit('http://localhost:3000/explorar/comidas');\nhasFooter();",
              "err": {},
              "uuid": "0b72441e-8aa5-47f2-9266-25f4204e1b60",
              "parentUUID": "113452d5-8ae4-4d75-a616-a441f17c88b6",
              "isHook": false,
              "skipped": false
            },
            {
              "title": "Tem footer na tela de explorar bebidas",
              "fullTitle": "21 - Exiba o menu inferior apenas nas telas indicadas pelo protótipo Tem footer na tela de explorar bebidas",
              "timedOut": null,
              "duration": 160,
              "state": "passed",
              "speed": "slow",
              "pass": true,
              "fail": false,
              "pending": false,
              "context": null,
              "code": "cy.visit('http://localhost:3000/explorar/bebidas');\nhasFooter();",
              "err": {},
              "uuid": "cb4af51a-fcf7-4c47-b632-eb6790e91f2e",
              "parentUUID": "113452d5-8ae4-4d75-a616-a441f17c88b6",
              "isHook": false,
              "skipped": false
            },
            {
              "title": "Tem footer na tela de explorar comidas por ingrediente",
              "fullTitle": "21 - Exiba o menu inferior apenas nas telas indicadas pelo protótipo Tem footer na tela de explorar comidas por ingrediente",
              "timedOut": null,
              "duration": 10286,
              "state": "failed",
              "speed": null,
              "pass": false,
              "fail": true,
              "pending": false,
              "context": null,
              "code": "cy.visit('http://localhost:3000/explorar/comidas/ingredientes');\nhasFooter();",
              "err": {
                "message": "CypressError: Timed out retrying: Expected to find element: '[data-testid=\"footer\"]', but never found it.",
                "estack": "CypressError: Timed out retrying: Expected to find element: '[data-testid=\"footer\"]', but never found it.\n    at Object.cypressErr (http://localhost:3000/__cypress/runner/cypress_runner.js:86207:11)\n    at Object.throwErr (http://localhost:3000/__cypress/runner/cypress_runner.js:86162:18)\n    at Object.throwErrByPath (http://localhost:3000/__cypress/runner/cypress_runner.js:86194:17)\n    at retry (http://localhost:3000/__cypress/runner/cypress_runner.js:76849:16)\n    at onFailFn (http://localhost:3000/__cypress/runner/cypress_runner.js:65634:16)\n    at tryCatcher (http://localhost:3000/__cypress/runner/cypress_runner.js:120203:23)\n    at Promise._settlePromiseFromHandler (http://localhost:3000/__cypress/runner/cypress_runner.js:118139:31)\n    at Promise._settlePromise (http://localhost:3000/__cypress/runner/cypress_runner.js:118196:18)\n    at Promise._settlePromise0 (http://localhost:3000/__cypress/runner/cypress_runner.js:118241:10)\n    at Promise._settlePromises (http://localhost:3000/__cypress/runner/cypress_runner.js:118316:18)\n    at Async../node_modules/bluebird/js/release/async.js.Async._drainQueue (http://localhost:3000/__cypress/runner/cypress_runner.js:114928:16)\n    at Async../node_modules/bluebird/js/release/async.js.Async._drainQueues (http://localhost:3000/__cypress/runner/cypress_runner.js:114938:10)\n    at Async.drainQueues (http://localhost:3000/__cypress/runner/cypress_runner.js:114812:14)",
                "diff": null
              },
              "uuid": "b2e967a5-1766-42b4-a015-fa5e0c933eca",
              "parentUUID": "113452d5-8ae4-4d75-a616-a441f17c88b6",
              "isHook": false,
              "skipped": false
            },
            {
              "title": "Tem footer na tela de explorar bebidas por ingrediente",
              "fullTitle": "21 - Exiba o menu inferior apenas nas telas indicadas pelo protótipo Tem footer na tela de explorar bebidas por ingrediente",
              "timedOut": null,
              "duration": 10359,
              "state": "failed",
              "speed": null,
              "pass": false,
              "fail": true,
              "pending": false,
              "context": null,
              "code": "cy.visit('http://localhost:3000/explorar/bebidas/ingredientes');\nhasFooter();",
              "err": {
                "message": "CypressError: Timed out retrying: Expected to find element: '[data-testid=\"footer\"]', but never found it.",
                "estack": "CypressError: Timed out retrying: Expected to find element: '[data-testid=\"footer\"]', but never found it.\n    at Object.cypressErr (http://localhost:3000/__cypress/runner/cypress_runner.js:86207:11)\n    at Object.throwErr (http://localhost:3000/__cypress/runner/cypress_runner.js:86162:18)\n    at Object.throwErrByPath (http://localhost:3000/__cypress/runner/cypress_runner.js:86194:17)\n    at retry (http://localhost:3000/__cypress/runner/cypress_runner.js:76849:16)\n    at onFailFn (http://localhost:3000/__cypress/runner/cypress_runner.js:65634:16)\n    at tryCatcher (http://localhost:3000/__cypress/runner/cypress_runner.js:120203:23)\n    at Promise._settlePromiseFromHandler (http://localhost:3000/__cypress/runner/cypress_runner.js:118139:31)\n    at Promise._settlePromise (http://localhost:3000/__cypress/runner/cypress_runner.js:118196:18)\n    at Promise._settlePromise0 (http://localhost:3000/__cypress/runner/cypress_runner.js:118241:10)\n    at Promise._settlePromises (http://localhost:3000/__cypress/runner/cypress_runner.js:118316:18)\n    at Async../node_modules/bluebird/js/release/async.js.Async._drainQueue (http://localhost:3000/__cypress/runner/cypress_runner.js:114928:16)\n    at Async../node_modules/bluebird/js/release/async.js.Async._drainQueues (http://localhost:3000/__cypress/runner/cypress_runner.js:114938:10)\n    at Async.drainQueues (http://localhost:3000/__cypress/runner/cypress_runner.js:114812:14)",
                "diff": null
              },
              "uuid": "734f41dd-a773-4b2a-96e4-c2a0929dd2ed",
              "parentUUID": "113452d5-8ae4-4d75-a616-a441f17c88b6",
              "isHook": false,
              "skipped": false
            },
            {
              "title": "Tem footer na tela de explorar comidas por local de origem",
              "fullTitle": "21 - Exiba o menu inferior apenas nas telas indicadas pelo protótipo Tem footer na tela de explorar comidas por local de origem",
              "timedOut": null,
              "duration": 10278,
              "state": "failed",
              "speed": null,
              "pass": false,
              "fail": true,
              "pending": false,
              "context": null,
              "code": "cy.visit('http://localhost:3000/explorar/comidas/area');\nhasFooter();",
              "err": {
                "message": "CypressError: Timed out retrying: Expected to find element: '[data-testid=\"footer\"]', but never found it.",
                "estack": "CypressError: Timed out retrying: Expected to find element: '[data-testid=\"footer\"]', but never found it.\n    at Object.cypressErr (http://localhost:3000/__cypress/runner/cypress_runner.js:86207:11)\n    at Object.throwErr (http://localhost:3000/__cypress/runner/cypress_runner.js:86162:18)\n    at Object.throwErrByPath (http://localhost:3000/__cypress/runner/cypress_runner.js:86194:17)\n    at retry (http://localhost:3000/__cypress/runner/cypress_runner.js:76849:16)\n    at onFailFn (http://localhost:3000/__cypress/runner/cypress_runner.js:65634:16)\n    at tryCatcher (http://localhost:3000/__cypress/runner/cypress_runner.js:120203:23)\n    at Promise._settlePromiseFromHandler (http://localhost:3000/__cypress/runner/cypress_runner.js:118139:31)\n    at Promise._settlePromise (http://localhost:3000/__cypress/runner/cypress_runner.js:118196:18)\n    at Promise._settlePromise0 (http://localhost:3000/__cypress/runner/cypress_runner.js:118241:10)\n    at Promise._settlePromises (http://localhost:3000/__cypress/runner/cypress_runner.js:118316:18)\n    at Async../node_modules/bluebird/js/release/async.js.Async._drainQueue (http://localhost:3000/__cypress/runner/cypress_runner.js:114928:16)\n    at Async../node_modules/bluebird/js/release/async.js.Async._drainQueues (http://localhost:3000/__cypress/runner/cypress_runner.js:114938:10)\n    at Async.drainQueues (http://localhost:3000/__cypress/runner/cypress_runner.js:114812:14)",
                "diff": null
              },
              "uuid": "fdf3da3f-c191-4350-b969-aca3522ade21",
              "parentUUID": "113452d5-8ae4-4d75-a616-a441f17c88b6",
              "isHook": false,
              "skipped": false
            },
            {
              "title": "Tem footer na tela de perfil",
              "fullTitle": "21 - Exiba o menu inferior apenas nas telas indicadas pelo protótipo Tem footer na tela de perfil",
              "timedOut": null,
              "duration": 171,
              "state": "passed",
              "speed": "slow",
              "pass": true,
              "fail": false,
              "pending": false,
              "context": null,
              "code": "cy.visit('http://localhost:3000/perfil');\nhasFooter();",
              "err": {},
              "uuid": "d3d2ef38-855f-44ef-9aab-317fdd7fe902",
              "parentUUID": "113452d5-8ae4-4d75-a616-a441f17c88b6",
              "isHook": false,
              "skipped": false
            },
            {
              "title": "Não tem footer na tela de receitas feitas",
              "fullTitle": "21 - Exiba o menu inferior apenas nas telas indicadas pelo protótipo Não tem footer na tela de receitas feitas",
              "timedOut": null,
              "duration": 108,
              "state": "passed",
              "speed": "slow",
              "pass": true,
              "fail": false,
              "pending": false,
              "context": null,
              "code": "cy.visit('http://localhost:3000/receitas-feitas');\nhasNoFooter();",
              "err": {},
              "uuid": "091a614a-4307-4c47-bc66-bea84d01e3bc",
              "parentUUID": "113452d5-8ae4-4d75-a616-a441f17c88b6",
              "isHook": false,
              "skipped": false
            },
            {
              "title": "Não tem footer na tela de receitas favoritas",
              "fullTitle": "21 - Exiba o menu inferior apenas nas telas indicadas pelo protótipo Não tem footer na tela de receitas favoritas",
              "timedOut": null,
              "duration": 87,
              "state": "passed",
              "speed": "slow",
              "pass": true,
              "fail": false,
              "pending": false,
              "context": null,
              "code": "cy.visit('http://localhost:3000/receitas-favoritas');\nhasNoFooter();",
              "err": {},
              "uuid": "28b3d5a9-9fcb-4006-a7ae-c055ebca870c",
              "parentUUID": "113452d5-8ae4-4d75-a616-a441f17c88b6",
              "isHook": false,
              "skipped": false
            }
          ],
          "suites": [],
          "passes": [
            "d682028e-9206-4177-8a89-974216350d5e",
            "821ec8cc-df1c-48c6-9c2e-ad495860d360",
            "ec99a4da-707c-49bf-989a-3c273cb65e38",
            "8f4103d6-c6cd-4414-98c5-a68ac70a6830",
            "28bfa936-4f85-43d1-84be-2cd2a3037ba3",
            "2b7a8660-c5db-4d40-ada7-ef1c4e8778f3",
            "74d5b77f-58c0-496f-b5c0-9b35074cf8b8",
            "1763e160-6b1d-4054-9aa3-7a7623049919",
            "0b72441e-8aa5-47f2-9266-25f4204e1b60",
            "cb4af51a-fcf7-4c47-b632-eb6790e91f2e",
            "d3d2ef38-855f-44ef-9aab-317fdd7fe902",
            "091a614a-4307-4c47-bc66-bea84d01e3bc",
            "28b3d5a9-9fcb-4006-a7ae-c055ebca870c"
          ],
          "failures": [
            "b2e967a5-1766-42b4-a015-fa5e0c933eca",
            "734f41dd-a773-4b2a-96e4-c2a0929dd2ed",
            "fdf3da3f-c191-4350-b969-aca3522ade21"
          ],
          "pending": [],
          "skipped": [],
          "duration": 33148,
          "root": false,
          "rootEmpty": false,
          "_timeout": 2000
        },
        {
          "uuid": "3c16187f-9e06-49fb-a23a-65feee4803a6",
          "title": "22 - Redirecione a pessoa usuária para uma lista de cocktails ao clicar no ícone de bebidas",
          "fullFile": "",
          "file": "",
          "beforeHooks": [],
          "afterHooks": [],
          "tests": [
            {
              "title": "Redireciona para a rota correta",
              "fullTitle": "22 - Redirecione a pessoa usuária para uma lista de cocktails ao clicar no ícone de bebidas Redireciona para a rota correta",
              "timedOut": null,
              "duration": 220,
              "state": "passed",
              "speed": "slow",
              "pass": true,
              "fail": false,
              "pending": false,
              "context": null,
              "code": "cy.visit('http://localhost:3000/comidas');\ncy.get('[data-testid=\"drinks-bottom-btn\"]').click();\ncy.location().should(function (loc) {\n  return expect(loc.pathname).to.eq('/bebidas');\n});",
              "err": {},
              "uuid": "7c70ecd7-e5e4-481f-bc4e-07dabdc309f7",
              "parentUUID": "3c16187f-9e06-49fb-a23a-65feee4803a6",
              "isHook": false,
              "skipped": false
            }
          ],
          "suites": [],
          "passes": [
            "7c70ecd7-e5e4-481f-bc4e-07dabdc309f7"
          ],
          "failures": [],
          "pending": [],
          "skipped": [],
          "duration": 220,
          "root": false,
          "rootEmpty": false,
          "_timeout": 2000
        },
        {
          "uuid": "25bec5f9-0b1d-4e69-9ac8-fef2f73a01a3",
          "title": "23 - Redirecione a pessoa usuária para a tela de explorar ao clicar no ícone de exploração",
          "fullFile": "",
          "file": "",
          "beforeHooks": [],
          "afterHooks": [],
          "tests": [
            {
              "title": "Redireciona para a rota correta",
              "fullTitle": "23 - Redirecione a pessoa usuária para a tela de explorar ao clicar no ícone de exploração Redireciona para a rota correta",
              "timedOut": null,
              "duration": 208,
              "state": "passed",
              "speed": "slow",
              "pass": true,
              "fail": false,
              "pending": false,
              "context": null,
              "code": "cy.visit('http://localhost:3000/comidas');\ncy.get('[data-testid=\"explore-bottom-btn\"]').click();\ncy.location().should(function (loc) {\n  return expect(loc.pathname).to.eq('/explorar');\n});",
              "err": {},
              "uuid": "7bea3ccd-971e-49be-9c9f-3e7980f7b0cb",
              "parentUUID": "25bec5f9-0b1d-4e69-9ac8-fef2f73a01a3",
              "isHook": false,
              "skipped": false
            }
          ],
          "suites": [],
          "passes": [
            "7bea3ccd-971e-49be-9c9f-3e7980f7b0cb"
          ],
          "failures": [],
          "pending": [],
          "skipped": [],
          "duration": 208,
          "root": false,
          "rootEmpty": false,
          "_timeout": 2000
        },
        {
          "uuid": "ed729ee7-ab6b-40bf-ad0f-772c7d36d531",
          "title": "24 - Redirecione a pessoa usuárua para uma lista de comidas ao clicar no ícone de comidas",
          "fullFile": "",
          "file": "",
          "beforeHooks": [],
          "afterHooks": [],
          "tests": [
            {
              "title": "Redireciona para a rota correta",
              "fullTitle": "24 - Redirecione a pessoa usuárua para uma lista de comidas ao clicar no ícone de comidas Redireciona para a rota correta",
              "timedOut": null,
              "duration": 234,
              "state": "passed",
              "speed": "slow",
              "pass": true,
              "fail": false,
              "pending": false,
              "context": null,
              "code": "cy.visit('http://localhost:3000/bebidas');\ncy.get('[data-testid=\"food-bottom-btn\"]').click();\ncy.location().should(function (loc) {\n  return expect(loc.pathname).to.eq('/comidas');\n});",
              "err": {},
              "uuid": "c19eb76f-c062-4f21-bac2-073791eb4e91",
              "parentUUID": "ed729ee7-ab6b-40bf-ad0f-772c7d36d531",
              "isHook": false,
              "skipped": false
            }
          ],
          "suites": [],
          "passes": [
            "c19eb76f-c062-4f21-bac2-073791eb4e91"
          ],
          "failures": [],
          "pending": [],
          "skipped": [],
          "duration": 234,
          "root": false,
          "rootEmpty": false,
          "_timeout": 2000
        }
      ],
      "passes": [],
      "failures": [],
      "pending": [],
      "skipped": [],
      "duration": 0,
      "root": true,
      "rootEmpty": true,
      "_timeout": 2000
    }
  ],
  "meta": {
    "mocha": {
      "version": "8.2.1"
    },
    "mochawesome": {
      "options": {
        "quiet": false,
        "reportFilename": "mochawesome",
        "saveHtml": false,
        "saveJson": true,
        "consoleReporter": "spec",
        "useInlineDiffs": false,
        "code": true
      },
      "version": "6.2.1"
    },
    "marge": {
      "options": {
        "id": "default",
        "reportDir": "cypress/reports",
        "overwrite": false,
        "html": false,
        "json": true
      },
      "version": "5.1.0"
    }
  }
}