{
  "stats": {
    "suites": 6,
    "tests": 22,
    "passes": 19,
    "pending": 0,
    "failures": 3,
    "start": "2021-07-08T13:47:50.777Z",
    "end": "2021-07-08T13:48:27.273Z",
    "duration": 36496,
    "testsRegistered": 22,
    "passPercent": 86.36363636363636,
    "pendingPercent": 0,
    "other": 0,
    "hasOther": false,
    "skipped": 0,
    "hasSkipped": false
  },
  "results": [
    {
      "uuid": "6508f47d-6a52-4041-9d50-69a550f44de3",
      "title": "",
      "fullFile": "cypress/integration/footer_spec.js",
      "file": "cypress/integration/footer_spec.js",
      "beforeHooks": [],
      "afterHooks": [],
      "tests": [],
      "suites": [
        {
          "uuid": "c7cc7566-4596-4d23-a541-ab8f50bc16fd",
          "title": "19 - Implemente os elementos do menu inferior respeitando os atributos descritos no protótipo",
          "fullFile": "",
          "file": "",
          "beforeHooks": [],
          "afterHooks": [],
          "tests": [
            {
              "title": "Tem os data-testids footer, drinks-bottom-btn, explore-bottom-btn e food-bottom-btn",
              "fullTitle": "19 - Implemente os elementos do menu inferior respeitando os atributos descritos no protótipo Tem os data-testids footer, drinks-bottom-btn, explore-bottom-btn e food-bottom-btn",
              "timedOut": null,
              "duration": 758,
              "state": "passed",
              "speed": "slow",
              "pass": true,
              "fail": false,
              "pending": false,
              "context": null,
              "code": "cy.visit('http://localhost:3000/comidas');\ncy.get('[data-testid=\"footer\"]');\ncy.get('[data-testid=\"drinks-bottom-btn\"]');\ncy.get('[data-testid=\"explore-bottom-btn\"]');\ncy.get('[data-testid=\"food-bottom-btn\"]');",
              "err": {},
              "uuid": "f0f5fe31-17a5-458d-83d1-24e9c57c1b01",
              "parentUUID": "c7cc7566-4596-4d23-a541-ab8f50bc16fd",
              "isHook": false,
              "skipped": false
            }
          ],
          "suites": [],
          "passes": [
            "f0f5fe31-17a5-458d-83d1-24e9c57c1b01"
          ],
          "failures": [],
          "pending": [],
          "skipped": [],
          "duration": 758,
          "root": false,
          "rootEmpty": false,
          "_timeout": 2000
        },
        {
          "uuid": "5c6f7723-5195-45fd-8180-afdd2818816c",
          "title": "20 - Posicione o menu inferior de forma fixa e apresente 3 ícones: um para comidas, um para bebidas e outro para exploração",
          "fullFile": "",
          "file": "",
          "beforeHooks": [],
          "afterHooks": [],
          "tests": [
            {
              "title": "O menu inferior deve ficar fixado sempre ao final da página",
              "fullTitle": "20 - Posicione o menu inferior de forma fixa e apresente 3 ícones: um para comidas, um para bebidas e outro para exploração O menu inferior deve ficar fixado sempre ao final da página",
              "timedOut": null,
              "duration": 175,
              "state": "passed",
              "speed": "slow",
              "pass": true,
              "fail": false,
              "pending": false,
              "context": null,
              "code": "cy.visit('http://localhost:3000/comidas');\ncy.get('[data-testid=\"footer\"]').should('have.css', 'position', 'fixed');\ncy.get('[data-testid=\"footer\"]').should('have.css', 'bottom', '0px');",
              "err": {},
              "uuid": "fd7ff182-25ad-4bf7-9ee2-f034bf95e2bc",
              "parentUUID": "5c6f7723-5195-45fd-8180-afdd2818816c",
              "isHook": false,
              "skipped": false
            },
            {
              "title": "Apresenta os ícones corretos",
              "fullTitle": "20 - Posicione o menu inferior de forma fixa e apresente 3 ícones: um para comidas, um para bebidas e outro para exploração Apresenta os ícones corretos",
              "timedOut": null,
              "duration": 138,
              "state": "passed",
              "speed": "slow",
              "pass": true,
              "fail": false,
              "pending": false,
              "context": null,
              "code": "cy.visit('http://localhost:3000/comidas');\ncy.get('[data-testid=\"drinks-bottom-btn\"]').should('have.attr', 'src').should('include', 'drinkIcon');\ncy.get('[data-testid=\"explore-bottom-btn\"]').should('have.attr', 'src').should('include', 'exploreIcon');\ncy.get('[data-testid=\"food-bottom-btn\"]').should('have.attr', 'src').should('include', 'mealIcon');",
              "err": {},
              "uuid": "af8720f9-f23f-4cd9-8983-078ea59cecd8",
              "parentUUID": "5c6f7723-5195-45fd-8180-afdd2818816c",
              "isHook": false,
              "skipped": false
            }
          ],
          "suites": [],
          "passes": [
            "fd7ff182-25ad-4bf7-9ee2-f034bf95e2bc",
            "af8720f9-f23f-4cd9-8983-078ea59cecd8"
          ],
          "failures": [],
          "pending": [],
          "skipped": [],
          "duration": 313,
          "root": false,
          "rootEmpty": false,
          "_timeout": 2000
        },
        {
          "uuid": "9be68a5a-350a-49a2-be50-5f2ca28f3ae0",
          "title": "21 - Exiba o menu inferior apenas nas telas indicadas pelo protótipo",
          "fullFile": "",
          "file": "",
          "beforeHooks": [],
          "afterHooks": [],
          "tests": [
            {
              "title": "Não tem footer na tela de login",
              "fullTitle": "21 - Exiba o menu inferior apenas nas telas indicadas pelo protótipo Não tem footer na tela de login",
              "timedOut": null,
              "duration": 153,
              "state": "passed",
              "speed": "slow",
              "pass": true,
              "fail": false,
              "pending": false,
              "context": null,
              "code": "cy.visit('http://localhost:3000/');\nhasNoFooter();",
              "err": {},
              "uuid": "70d01b0d-3572-4fb0-98fd-deed3547533a",
              "parentUUID": "9be68a5a-350a-49a2-be50-5f2ca28f3ae0",
              "isHook": false,
              "skipped": false
            },
            {
              "title": "Tem footer na tela de principal de receitas de comidas",
              "fullTitle": "21 - Exiba o menu inferior apenas nas telas indicadas pelo protótipo Tem footer na tela de principal de receitas de comidas",
              "timedOut": null,
              "duration": 189,
              "state": "passed",
              "speed": "slow",
              "pass": true,
              "fail": false,
              "pending": false,
              "context": null,
              "code": "cy.visit('http://localhost:3000/comidas');\nhasFooter();",
              "err": {},
              "uuid": "63a4995e-327a-4c4a-af62-546279d909bb",
              "parentUUID": "9be68a5a-350a-49a2-be50-5f2ca28f3ae0",
              "isHook": false,
              "skipped": false
            },
            {
              "title": "Tem footer na tela de principal de receitas de bebidas",
              "fullTitle": "21 - Exiba o menu inferior apenas nas telas indicadas pelo protótipo Tem footer na tela de principal de receitas de bebidas",
              "timedOut": null,
              "duration": 196,
              "state": "passed",
              "speed": "slow",
              "pass": true,
              "fail": false,
              "pending": false,
              "context": null,
              "code": "cy.visit('http://localhost:3000/bebidas');\nhasFooter();",
              "err": {},
              "uuid": "5a78afd6-22e5-442c-b10a-bca33fd78afe",
              "parentUUID": "9be68a5a-350a-49a2-be50-5f2ca28f3ae0",
              "isHook": false,
              "skipped": false
            },
            {
              "title": "Não tem footer na tela de detalhes de uma receita de comida",
              "fullTitle": "21 - Exiba o menu inferior apenas nas telas indicadas pelo protótipo Não tem footer na tela de detalhes de uma receita de comida",
              "timedOut": null,
              "duration": 102,
              "state": "passed",
              "speed": "slow",
              "pass": true,
              "fail": false,
              "pending": false,
              "context": null,
              "code": "cy.visit('http://localhost:3000/comidas/52771');\nhasNoFooter();",
              "err": {},
              "uuid": "c57ebaa4-c330-4086-84f7-003633456f95",
              "parentUUID": "9be68a5a-350a-49a2-be50-5f2ca28f3ae0",
              "isHook": false,
              "skipped": false
            },
            {
              "title": "Não tem footer na tela de detalhes de uma receita de bebida",
              "fullTitle": "21 - Exiba o menu inferior apenas nas telas indicadas pelo protótipo Não tem footer na tela de detalhes de uma receita de bebida",
              "timedOut": null,
              "duration": 90,
              "state": "passed",
              "speed": "slow",
              "pass": true,
              "fail": false,
              "pending": false,
              "context": null,
              "code": "cy.visit('http://localhost:3000/bebidas/178319');\nhasNoFooter();",
              "err": {},
              "uuid": "a58976ac-3dfc-43d2-b8a9-ca1ac66ab9cb",
              "parentUUID": "9be68a5a-350a-49a2-be50-5f2ca28f3ae0",
              "isHook": false,
              "skipped": false
            },
            {
              "title": "Não tem footer na tela de receita em processo de comida",
              "fullTitle": "21 - Exiba o menu inferior apenas nas telas indicadas pelo protótipo Não tem footer na tela de receita em processo de comida",
              "timedOut": null,
              "duration": 112,
              "state": "passed",
              "speed": "slow",
              "pass": true,
              "fail": false,
              "pending": false,
              "context": null,
              "code": "cy.visit('http://localhost:3000/comidas/52771/in-progress');\nhasNoFooter();",
              "err": {},
              "uuid": "d9a8eccf-33e9-4dfc-8655-b273e2931093",
              "parentUUID": "9be68a5a-350a-49a2-be50-5f2ca28f3ae0",
              "isHook": false,
              "skipped": false
            },
            {
              "title": "Não tem footer na tela de receita em processo de bebida",
              "fullTitle": "21 - Exiba o menu inferior apenas nas telas indicadas pelo protótipo Não tem footer na tela de receita em processo de bebida",
              "timedOut": null,
              "duration": 141,
              "state": "passed",
              "speed": "slow",
              "pass": true,
              "fail": false,
              "pending": false,
              "context": null,
              "code": "cy.visit('http://localhost:3000/bebidas/178319/in-progress');\nhasNoFooter();",
              "err": {},
              "uuid": "7d041fb9-6c3a-48fd-ba93-232e22023c93",
              "parentUUID": "9be68a5a-350a-49a2-be50-5f2ca28f3ae0",
              "isHook": false,
              "skipped": false
            },
            {
              "title": "Tem footer na tela de explorar",
              "fullTitle": "21 - Exiba o menu inferior apenas nas telas indicadas pelo protótipo Tem footer na tela de explorar",
              "timedOut": null,
              "duration": 205,
              "state": "passed",
              "speed": "slow",
              "pass": true,
              "fail": false,
              "pending": false,
              "context": null,
              "code": "cy.visit('http://localhost:3000/explorar');\nhasFooter();",
              "err": {},
              "uuid": "0eeaea4c-07f8-4b9c-8af4-dade2c3c8d41",
              "parentUUID": "9be68a5a-350a-49a2-be50-5f2ca28f3ae0",
              "isHook": false,
              "skipped": false
            },
            {
              "title": "Tem footer na tela de explorar comidas",
              "fullTitle": "21 - Exiba o menu inferior apenas nas telas indicadas pelo protótipo Tem footer na tela de explorar comidas",
              "timedOut": null,
              "duration": 144,
              "state": "passed",
              "speed": "slow",
              "pass": true,
              "fail": false,
              "pending": false,
              "context": null,
              "code": "cy.visit('http://localhost:3000/explorar/comidas');\nhasFooter();",
              "err": {},
              "uuid": "6ef226b5-5815-497c-96a2-df70aeee2abb",
              "parentUUID": "9be68a5a-350a-49a2-be50-5f2ca28f3ae0",
              "isHook": false,
              "skipped": false
            },
            {
              "title": "Tem footer na tela de explorar bebidas",
              "fullTitle": "21 - Exiba o menu inferior apenas nas telas indicadas pelo protótipo Tem footer na tela de explorar bebidas",
              "timedOut": null,
              "duration": 156,
              "state": "passed",
              "speed": "slow",
              "pass": true,
              "fail": false,
              "pending": false,
              "context": null,
              "code": "cy.visit('http://localhost:3000/explorar/bebidas');\nhasFooter();",
              "err": {},
              "uuid": "5aa002c5-8a04-4e0f-808f-e8678abdb096",
              "parentUUID": "9be68a5a-350a-49a2-be50-5f2ca28f3ae0",
              "isHook": false,
              "skipped": false
            },
            {
              "title": "Tem footer na tela de explorar comidas por ingrediente",
              "fullTitle": "21 - Exiba o menu inferior apenas nas telas indicadas pelo protótipo Tem footer na tela de explorar comidas por ingrediente",
              "timedOut": null,
              "duration": 10400,
              "state": "failed",
              "speed": null,
              "pass": false,
              "fail": true,
              "pending": false,
              "context": null,
              "code": "cy.visit('http://localhost:3000/explorar/comidas/ingredientes');\nhasFooter();",
              "err": {
                "message": "CypressError: Timed out retrying: Expected to find element: '[data-testid=\"footer\"]', but never found it.",
                "estack": "CypressError: Timed out retrying: Expected to find element: '[data-testid=\"footer\"]', but never found it.\n    at Object.cypressErr (http://localhost:3000/__cypress/runner/cypress_runner.js:86207:11)\n    at Object.throwErr (http://localhost:3000/__cypress/runner/cypress_runner.js:86162:18)\n    at Object.throwErrByPath (http://localhost:3000/__cypress/runner/cypress_runner.js:86194:17)\n    at retry (http://localhost:3000/__cypress/runner/cypress_runner.js:76849:16)\n    at onFailFn (http://localhost:3000/__cypress/runner/cypress_runner.js:65634:16)\n    at tryCatcher (http://localhost:3000/__cypress/runner/cypress_runner.js:120203:23)\n    at Promise._settlePromiseFromHandler (http://localhost:3000/__cypress/runner/cypress_runner.js:118139:31)\n    at Promise._settlePromise (http://localhost:3000/__cypress/runner/cypress_runner.js:118196:18)\n    at Promise._settlePromise0 (http://localhost:3000/__cypress/runner/cypress_runner.js:118241:10)\n    at Promise._settlePromises (http://localhost:3000/__cypress/runner/cypress_runner.js:118316:18)\n    at Async../node_modules/bluebird/js/release/async.js.Async._drainQueue (http://localhost:3000/__cypress/runner/cypress_runner.js:114928:16)\n    at Async../node_modules/bluebird/js/release/async.js.Async._drainQueues (http://localhost:3000/__cypress/runner/cypress_runner.js:114938:10)\n    at Async.drainQueues (http://localhost:3000/__cypress/runner/cypress_runner.js:114812:14)",
                "diff": null
              },
              "uuid": "2de9940f-44d2-4d32-8b23-064a0c3277fc",
              "parentUUID": "9be68a5a-350a-49a2-be50-5f2ca28f3ae0",
              "isHook": false,
              "skipped": false
            },
            {
              "title": "Tem footer na tela de explorar bebidas por ingrediente",
              "fullTitle": "21 - Exiba o menu inferior apenas nas telas indicadas pelo protótipo Tem footer na tela de explorar bebidas por ingrediente",
              "timedOut": null,
              "duration": 10319,
              "state": "failed",
              "speed": null,
              "pass": false,
              "fail": true,
              "pending": false,
              "context": null,
              "code": "cy.visit('http://localhost:3000/explorar/bebidas/ingredientes');\nhasFooter();",
              "err": {
                "message": "CypressError: Timed out retrying: Expected to find element: '[data-testid=\"footer\"]', but never found it.",
                "estack": "CypressError: Timed out retrying: Expected to find element: '[data-testid=\"footer\"]', but never found it.\n    at Object.cypressErr (http://localhost:3000/__cypress/runner/cypress_runner.js:86207:11)\n    at Object.throwErr (http://localhost:3000/__cypress/runner/cypress_runner.js:86162:18)\n    at Object.throwErrByPath (http://localhost:3000/__cypress/runner/cypress_runner.js:86194:17)\n    at retry (http://localhost:3000/__cypress/runner/cypress_runner.js:76849:16)\n    at onFailFn (http://localhost:3000/__cypress/runner/cypress_runner.js:65634:16)\n    at tryCatcher (http://localhost:3000/__cypress/runner/cypress_runner.js:120203:23)\n    at Promise._settlePromiseFromHandler (http://localhost:3000/__cypress/runner/cypress_runner.js:118139:31)\n    at Promise._settlePromise (http://localhost:3000/__cypress/runner/cypress_runner.js:118196:18)\n    at Promise._settlePromise0 (http://localhost:3000/__cypress/runner/cypress_runner.js:118241:10)\n    at Promise._settlePromises (http://localhost:3000/__cypress/runner/cypress_runner.js:118316:18)\n    at Async../node_modules/bluebird/js/release/async.js.Async._drainQueue (http://localhost:3000/__cypress/runner/cypress_runner.js:114928:16)\n    at Async../node_modules/bluebird/js/release/async.js.Async._drainQueues (http://localhost:3000/__cypress/runner/cypress_runner.js:114938:10)\n    at Async.drainQueues (http://localhost:3000/__cypress/runner/cypress_runner.js:114812:14)",
                "diff": null
              },
              "uuid": "85db1674-4ae6-4bae-93cc-afb514c2e09f",
              "parentUUID": "9be68a5a-350a-49a2-be50-5f2ca28f3ae0",
              "isHook": false,
              "skipped": false
            },
            {
              "title": "Tem footer na tela de explorar comidas por local de origem",
              "fullTitle": "21 - Exiba o menu inferior apenas nas telas indicadas pelo protótipo Tem footer na tela de explorar comidas por local de origem",
              "timedOut": null,
              "duration": 10408,
              "state": "failed",
              "speed": null,
              "pass": false,
              "fail": true,
              "pending": false,
              "context": null,
              "code": "cy.visit('http://localhost:3000/explorar/comidas/area');\nhasFooter();",
              "err": {
                "message": "CypressError: Timed out retrying: Expected to find element: '[data-testid=\"footer\"]', but never found it.",
                "estack": "CypressError: Timed out retrying: Expected to find element: '[data-testid=\"footer\"]', but never found it.\n    at Object.cypressErr (http://localhost:3000/__cypress/runner/cypress_runner.js:86207:11)\n    at Object.throwErr (http://localhost:3000/__cypress/runner/cypress_runner.js:86162:18)\n    at Object.throwErrByPath (http://localhost:3000/__cypress/runner/cypress_runner.js:86194:17)\n    at retry (http://localhost:3000/__cypress/runner/cypress_runner.js:76849:16)\n    at onFailFn (http://localhost:3000/__cypress/runner/cypress_runner.js:65634:16)\n    at tryCatcher (http://localhost:3000/__cypress/runner/cypress_runner.js:120203:23)\n    at Promise._settlePromiseFromHandler (http://localhost:3000/__cypress/runner/cypress_runner.js:118139:31)\n    at Promise._settlePromise (http://localhost:3000/__cypress/runner/cypress_runner.js:118196:18)\n    at Promise._settlePromise0 (http://localhost:3000/__cypress/runner/cypress_runner.js:118241:10)\n    at Promise._settlePromises (http://localhost:3000/__cypress/runner/cypress_runner.js:118316:18)\n    at Async../node_modules/bluebird/js/release/async.js.Async._drainQueue (http://localhost:3000/__cypress/runner/cypress_runner.js:114928:16)\n    at Async../node_modules/bluebird/js/release/async.js.Async._drainQueues (http://localhost:3000/__cypress/runner/cypress_runner.js:114938:10)\n    at Async.drainQueues (http://localhost:3000/__cypress/runner/cypress_runner.js:114812:14)",
                "diff": null
              },
              "uuid": "60f60135-40a1-4626-bee4-03f910604aff",
              "parentUUID": "9be68a5a-350a-49a2-be50-5f2ca28f3ae0",
              "isHook": false,
              "skipped": false
            },
            {
              "title": "Tem footer na tela de perfil",
              "fullTitle": "21 - Exiba o menu inferior apenas nas telas indicadas pelo protótipo Tem footer na tela de perfil",
              "timedOut": null,
              "duration": 216,
              "state": "passed",
              "speed": "slow",
              "pass": true,
              "fail": false,
              "pending": false,
              "context": null,
              "code": "cy.visit('http://localhost:3000/perfil');\nhasFooter();",
              "err": {},
              "uuid": "46d10856-b8d4-45bb-bcf5-15bc6ee0f9f1",
              "parentUUID": "9be68a5a-350a-49a2-be50-5f2ca28f3ae0",
              "isHook": false,
              "skipped": false
            },
            {
              "title": "Não tem footer na tela de receitas feitas",
              "fullTitle": "21 - Exiba o menu inferior apenas nas telas indicadas pelo protótipo Não tem footer na tela de receitas feitas",
              "timedOut": null,
              "duration": 117,
              "state": "passed",
              "speed": "slow",
              "pass": true,
              "fail": false,
              "pending": false,
              "context": null,
              "code": "cy.visit('http://localhost:3000/receitas-feitas');\nhasNoFooter();",
              "err": {},
              "uuid": "22ab0ad9-f0ac-48f3-9818-cdfcc0c982a6",
              "parentUUID": "9be68a5a-350a-49a2-be50-5f2ca28f3ae0",
              "isHook": false,
              "skipped": false
            },
            {
              "title": "Não tem footer na tela de receitas favoritas",
              "fullTitle": "21 - Exiba o menu inferior apenas nas telas indicadas pelo protótipo Não tem footer na tela de receitas favoritas",
              "timedOut": null,
              "duration": 120,
              "state": "passed",
              "speed": "slow",
              "pass": true,
              "fail": false,
              "pending": false,
              "context": null,
              "code": "cy.visit('http://localhost:3000/receitas-favoritas');\nhasNoFooter();",
              "err": {},
              "uuid": "9e8b67fe-0522-465a-8898-ee0e83adbb6f",
              "parentUUID": "9be68a5a-350a-49a2-be50-5f2ca28f3ae0",
              "isHook": false,
              "skipped": false
            }
          ],
          "suites": [],
          "passes": [
            "70d01b0d-3572-4fb0-98fd-deed3547533a",
            "63a4995e-327a-4c4a-af62-546279d909bb",
            "5a78afd6-22e5-442c-b10a-bca33fd78afe",
            "c57ebaa4-c330-4086-84f7-003633456f95",
            "a58976ac-3dfc-43d2-b8a9-ca1ac66ab9cb",
            "d9a8eccf-33e9-4dfc-8655-b273e2931093",
            "7d041fb9-6c3a-48fd-ba93-232e22023c93",
            "0eeaea4c-07f8-4b9c-8af4-dade2c3c8d41",
            "6ef226b5-5815-497c-96a2-df70aeee2abb",
            "5aa002c5-8a04-4e0f-808f-e8678abdb096",
            "46d10856-b8d4-45bb-bcf5-15bc6ee0f9f1",
            "22ab0ad9-f0ac-48f3-9818-cdfcc0c982a6",
            "9e8b67fe-0522-465a-8898-ee0e83adbb6f"
          ],
          "failures": [
            "2de9940f-44d2-4d32-8b23-064a0c3277fc",
            "85db1674-4ae6-4bae-93cc-afb514c2e09f",
            "60f60135-40a1-4626-bee4-03f910604aff"
          ],
          "pending": [],
          "skipped": [],
          "duration": 33068,
          "root": false,
          "rootEmpty": false,
          "_timeout": 2000
        },
        {
          "uuid": "e96dfa56-d0ea-4e28-9bd3-fa3fa5070781",
          "title": "22 - Redirecione a pessoa usuária para uma lista de cocktails ao clicar no ícone de bebidas",
          "fullFile": "",
          "file": "",
          "beforeHooks": [],
          "afterHooks": [],
          "tests": [
            {
              "title": "Redireciona para a rota correta",
              "fullTitle": "22 - Redirecione a pessoa usuária para uma lista de cocktails ao clicar no ícone de bebidas Redireciona para a rota correta",
              "timedOut": null,
              "duration": 257,
              "state": "passed",
              "speed": "slow",
              "pass": true,
              "fail": false,
              "pending": false,
              "context": null,
              "code": "cy.visit('http://localhost:3000/comidas');\ncy.get('[data-testid=\"drinks-bottom-btn\"]').click();\ncy.location().should(function (loc) {\n  return expect(loc.pathname).to.eq('/bebidas');\n});",
              "err": {},
              "uuid": "7848b9ea-6514-4177-98df-90f14b798b82",
              "parentUUID": "e96dfa56-d0ea-4e28-9bd3-fa3fa5070781",
              "isHook": false,
              "skipped": false
            }
          ],
          "suites": [],
          "passes": [
            "7848b9ea-6514-4177-98df-90f14b798b82"
          ],
          "failures": [],
          "pending": [],
          "skipped": [],
          "duration": 257,
          "root": false,
          "rootEmpty": false,
          "_timeout": 2000
        },
        {
          "uuid": "20fac4fd-ad87-47db-bd37-7d63dede081e",
          "title": "23 - Redirecione a pessoa usuária para a tela de explorar ao clicar no ícone de exploração",
          "fullFile": "",
          "file": "",
          "beforeHooks": [],
          "afterHooks": [],
          "tests": [
            {
              "title": "Redireciona para a rota correta",
              "fullTitle": "23 - Redirecione a pessoa usuária para a tela de explorar ao clicar no ícone de exploração Redireciona para a rota correta",
              "timedOut": null,
              "duration": 243,
              "state": "passed",
              "speed": "slow",
              "pass": true,
              "fail": false,
              "pending": false,
              "context": null,
              "code": "cy.visit('http://localhost:3000/comidas');\ncy.get('[data-testid=\"explore-bottom-btn\"]').click();\ncy.location().should(function (loc) {\n  return expect(loc.pathname).to.eq('/explorar');\n});",
              "err": {},
              "uuid": "c88f5bc4-38ef-4ac9-9d2f-f9b7c9eb9d52",
              "parentUUID": "20fac4fd-ad87-47db-bd37-7d63dede081e",
              "isHook": false,
              "skipped": false
            }
          ],
          "suites": [],
          "passes": [
            "c88f5bc4-38ef-4ac9-9d2f-f9b7c9eb9d52"
          ],
          "failures": [],
          "pending": [],
          "skipped": [],
          "duration": 243,
          "root": false,
          "rootEmpty": false,
          "_timeout": 2000
        },
        {
          "uuid": "f61adcfa-03e8-47c9-9c35-dd4ef427848a",
          "title": "24 - Redirecione a pessoa usuárua para uma lista de comidas ao clicar no ícone de comidas",
          "fullFile": "",
          "file": "",
          "beforeHooks": [],
          "afterHooks": [],
          "tests": [
            {
              "title": "Redireciona para a rota correta",
              "fullTitle": "24 - Redirecione a pessoa usuárua para uma lista de comidas ao clicar no ícone de comidas Redireciona para a rota correta",
              "timedOut": null,
              "duration": 348,
              "state": "passed",
              "speed": "slow",
              "pass": true,
              "fail": false,
              "pending": false,
              "context": null,
              "code": "cy.visit('http://localhost:3000/bebidas');\ncy.get('[data-testid=\"food-bottom-btn\"]').click();\ncy.location().should(function (loc) {\n  return expect(loc.pathname).to.eq('/comidas');\n});",
              "err": {},
              "uuid": "06fc839c-f170-40f0-a13a-dc0c960b55b5",
              "parentUUID": "f61adcfa-03e8-47c9-9c35-dd4ef427848a",
              "isHook": false,
              "skipped": false
            }
          ],
          "suites": [],
          "passes": [
            "06fc839c-f170-40f0-a13a-dc0c960b55b5"
          ],
          "failures": [],
          "pending": [],
          "skipped": [],
          "duration": 348,
          "root": false,
          "rootEmpty": false,
          "_timeout": 2000
        }
      ],
      "passes": [],
      "failures": [],
      "pending": [],
      "skipped": [],
      "duration": 0,
      "root": true,
      "rootEmpty": true,
      "_timeout": 2000
    }
  ],
  "meta": {
    "mocha": {
      "version": "8.2.1"
    },
    "mochawesome": {
      "options": {
        "quiet": false,
        "reportFilename": "mochawesome",
        "saveHtml": false,
        "saveJson": true,
        "consoleReporter": "spec",
        "useInlineDiffs": false,
        "code": true
      },
      "version": "6.2.1"
    },
    "marge": {
      "options": {
        "id": "default",
        "reportDir": "cypress/reports",
        "overwrite": false,
        "html": false,
        "json": true
      },
      "version": "5.1.0"
    }
  }
}