{
  "stats": {
    "suites": 7,
    "tests": 7,
    "passes": 6,
    "pending": 0,
    "failures": 1,
    "start": "2021-07-09T20:17:30.639Z",
    "end": "2021-07-09T20:17:34.731Z",
    "duration": 4092,
    "testsRegistered": 7,
    "passPercent": 85.71428571428571,
    "pendingPercent": 0,
    "other": 0,
    "hasOther": false,
    "skipped": 0,
    "hasSkipped": false
  },
  "results": [
    {
      "uuid": "96f20014-7ada-42a2-93bd-1708fd5d2e79",
      "title": "",
      "fullFile": "cypress/integration/profile_spec.js",
      "file": "cypress/integration/profile_spec.js",
      "beforeHooks": [],
      "afterHooks": [],
      "tests": [],
      "suites": [
        {
          "uuid": "09704f7a-a89b-4c71-ae5d-b411770eea83",
          "title": "Profile screen",
          "fullFile": "",
          "file": "",
          "beforeHooks": [],
          "afterHooks": [],
          "tests": [],
          "suites": [
            {
              "uuid": "a0c66dea-5205-41b5-9a50-62705361f867",
              "title": "82 - Implemente os elementos da a tela de perfil respeitando os atributos descritos no protótipo",
              "fullFile": "",
              "file": "",
              "beforeHooks": [],
              "afterHooks": [],
              "tests": [
                {
                  "title": "Todos o data-testid do email e de todos os botões",
                  "fullTitle": "Profile screen 82 - Implemente os elementos da a tela de perfil respeitando os atributos descritos no protótipo Todos o data-testid do email e de todos os botões",
                  "timedOut": null,
                  "duration": 629,
                  "state": "passed",
                  "speed": "slow",
                  "pass": true,
                  "fail": false,
                  "pending": false,
                  "context": null,
                  "code": "cy.get('[data-testid=\"profile-email\"]');\ncy.get('[data-testid=\"profile-done-btn\"]');\ncy.get('[data-testid=\"profile-favorite-btn\"]');\ncy.get('[data-testid=\"profile-logout-btn\"]');",
                  "err": {},
                  "uuid": "27572df4-5618-42de-9045-368704c99f2d",
                  "parentUUID": "a0c66dea-5205-41b5-9a50-62705361f867",
                  "isHook": false,
                  "skipped": false
                }
              ],
              "suites": [],
              "passes": [
                "27572df4-5618-42de-9045-368704c99f2d"
              ],
              "failures": [],
              "pending": [],
              "skipped": [],
              "duration": 629,
              "root": false,
              "rootEmpty": false,
              "_timeout": 2000
            },
            {
              "uuid": "05534e66-a8b6-49ec-9dc9-93f4dad7c7b6",
              "title": "83 - Implemente a solução de maneira que o e-mail da pessoa usuária deve estar visível",
              "fullFile": "",
              "file": "",
              "beforeHooks": [],
              "afterHooks": [],
              "tests": [
                {
                  "title": "O e-mail armazenado em localStorage está visível",
                  "fullTitle": "Profile screen 83 - Implemente a solução de maneira que o e-mail da pessoa usuária deve estar visível O e-mail armazenado em localStorage está visível",
                  "timedOut": null,
                  "duration": 200,
                  "state": "passed",
                  "speed": "slow",
                  "pass": true,
                  "fail": false,
                  "pending": false,
                  "context": null,
                  "code": "cy.get('[data-testid=\"profile-email\"]').contains('email@mail.com');",
                  "err": {},
                  "uuid": "27338c37-9481-49a6-9284-f203bea4ad8f",
                  "parentUUID": "05534e66-a8b6-49ec-9dc9-93f4dad7c7b6",
                  "isHook": false,
                  "skipped": false
                }
              ],
              "suites": [],
              "passes": [
                "27338c37-9481-49a6-9284-f203bea4ad8f"
              ],
              "failures": [],
              "pending": [],
              "skipped": [],
              "duration": 200,
              "root": false,
              "rootEmpty": false,
              "_timeout": 2000
            },
            {
              "uuid": "7ec5567f-991d-4b48-bbe0-acd863c7ef5a",
              "title": "84 - Implemente 3 botões: um de nome \"Receitas Feitas\", um de nome \"Receitas Favoritas\" e um de nome \"Sair\"",
              "fullFile": "",
              "file": "",
              "beforeHooks": [],
              "afterHooks": [],
              "tests": [
                {
                  "title": "A tela contêm todos os 3 botões",
                  "fullTitle": "Profile screen 84 - Implemente 3 botões: um de nome \"Receitas Feitas\", um de nome \"Receitas Favoritas\" e um de nome \"Sair\" A tela contêm todos os 3 botões",
                  "timedOut": null,
                  "duration": 197,
                  "state": "passed",
                  "speed": "slow",
                  "pass": true,
                  "fail": false,
                  "pending": false,
                  "context": null,
                  "code": "cy.get('[data-testid=\"profile-done-btn\"]').contains('Receitas Feitas');\ncy.get('[data-testid=\"profile-favorite-btn\"]').contains('Receitas Favoritas');\ncy.get('[data-testid=\"profile-logout-btn\"]').contains('Sair');",
                  "err": {},
                  "uuid": "c6024495-2f3e-4ceb-b2fd-66fc5b141728",
                  "parentUUID": "7ec5567f-991d-4b48-bbe0-acd863c7ef5a",
                  "isHook": false,
                  "skipped": false
                }
              ],
              "suites": [],
              "passes": [
                "c6024495-2f3e-4ceb-b2fd-66fc5b141728"
              ],
              "failures": [],
              "pending": [],
              "skipped": [],
              "duration": 197,
              "root": false,
              "rootEmpty": false,
              "_timeout": 2000
            },
            {
              "uuid": "15f7001e-9b8b-4f1c-80f3-f06dab5c735d",
              "title": "85 - Redirecione a pessoa usuária que, ao clicar no botão de \"Receitas Favoritas\", a rota deve mudar para a tela de receitas favoritas",
              "fullFile": "",
              "file": "",
              "beforeHooks": [],
              "afterHooks": [],
              "tests": [
                {
                  "title": "Redireciona para a rota correta",
                  "fullTitle": "Profile screen 85 - Redirecione a pessoa usuária que, ao clicar no botão de \"Receitas Favoritas\", a rota deve mudar para a tela de receitas favoritas Redireciona para a rota correta",
                  "timedOut": null,
                  "duration": 241,
                  "state": "passed",
                  "speed": "slow",
                  "pass": true,
                  "fail": false,
                  "pending": false,
                  "context": null,
                  "code": "cy.get('[data-testid=\"profile-done-btn\"]').click();\ncy.location().should(function (loc) {\n  return expect(loc.pathname).to.eq('/receitas-feitas');\n});",
                  "err": {},
                  "uuid": "613ec067-8b3c-4e82-ba93-da9599f542f5",
                  "parentUUID": "15f7001e-9b8b-4f1c-80f3-f06dab5c735d",
                  "isHook": false,
                  "skipped": false
                }
              ],
              "suites": [],
              "passes": [
                "613ec067-8b3c-4e82-ba93-da9599f542f5"
              ],
              "failures": [],
              "pending": [],
              "skipped": [],
              "duration": 241,
              "root": false,
              "rootEmpty": false,
              "_timeout": 2000
            },
            {
              "uuid": "988e52b9-e861-48e8-be7b-08ecad8ae262",
              "title": "86 - Redirecione a pessoa usuária que, ao clicar no botão de \"Receitas Feitas\", a rota deve mudar para a tela de receitas feitas",
              "fullFile": "",
              "file": "",
              "beforeHooks": [],
              "afterHooks": [],
              "tests": [
                {
                  "title": "Redireciona para a rota correta",
                  "fullTitle": "Profile screen 86 - Redirecione a pessoa usuária que, ao clicar no botão de \"Receitas Feitas\", a rota deve mudar para a tela de receitas feitas Redireciona para a rota correta",
                  "timedOut": null,
                  "duration": 277,
                  "state": "passed",
                  "speed": "slow",
                  "pass": true,
                  "fail": false,
                  "pending": false,
                  "context": null,
                  "code": "cy.get('[data-testid=\"profile-favorite-btn\"]').click();\ncy.location().should(function (loc) {\n  return expect(loc.pathname).to.eq('/receitas-favoritas');\n});",
                  "err": {},
                  "uuid": "1fdb6e9e-a269-45ab-b4c9-94592e0fb225",
                  "parentUUID": "988e52b9-e861-48e8-be7b-08ecad8ae262",
                  "isHook": false,
                  "skipped": false
                }
              ],
              "suites": [],
              "passes": [
                "1fdb6e9e-a269-45ab-b4c9-94592e0fb225"
              ],
              "failures": [],
              "pending": [],
              "skipped": [],
              "duration": 277,
              "root": false,
              "rootEmpty": false,
              "_timeout": 2000
            },
            {
              "uuid": "b2d59d7f-195f-4e11-91d9-26a3f6980189",
              "title": "87 - Redirecione a pessoa usuária que, ao clicar no botão de \"Sair\", o `localStorage` deve ser limpo e a rota deve mudar para a tela de login",
              "fullFile": "",
              "file": "",
              "beforeHooks": [],
              "afterHooks": [],
              "tests": [
                {
                  "title": "Limpa todas as chaves da localStorage",
                  "fullTitle": "Profile screen 87 - Redirecione a pessoa usuária que, ao clicar no botão de \"Sair\", o `localStorage` deve ser limpo e a rota deve mudar para a tela de login Limpa todas as chaves da localStorage",
                  "timedOut": null,
                  "duration": 1221,
                  "state": "failed",
                  "speed": null,
                  "pass": false,
                  "fail": true,
                  "pending": false,
                  "context": null,
                  "code": "cy.window().then(function (win) {\n  expect(win.localStorage.getItem('user')).to.eq('{ \"email\": \"email@mail.com\" }');\n  expect(win.localStorage.getItem('mealsToken')).to.eq('1');\n  expect(win.localStorage.getItem('cocktailsToken')).to.eq('1');\n  expect(win.localStorage.getItem('doneRecipes')).to.eq('[]');\n  expect(win.localStorage.getItem('favoriteRecipes')).to.eq('[]');\n  expect(win.localStorage.getItem('inProgressRecipes')).to.eq('{}');\n});\ncy.get('[data-testid=\"profile-logout-btn\"]').click();\ncy.window().then(function (win) {\n  expect(win.localStorage.getItem('email')).to.be.null;\n  expect(win.localStorage.getItem('mealsToken')).to.be.null;\n  expect(win.localStorage.getItem('cocktailsToken')).to.be.null;\n  expect(win.localStorage.getItem('doneRecipes')).to.be.null;\n  expect(win.localStorage.getItem('favoriteRecipes')).to.be.null;\n  expect(win.localStorage.getItem('inProgressRecipes')).to.be.null;\n});",
                  "err": {
                    "message": "AssertionError: expected '1' to be null",
                    "estack": "AssertionError: expected '1' to be null\n    at getRet (http://localhost:3000/__cypress/runner/cypress_runner.js:69279:16)\n    at tryCatcher (http://localhost:3000/__cypress/runner/cypress_runner.js:120203:23)\n    at Function.Promise.attempt.Promise.try (http://localhost:3000/__cypress/runner/cypress_runner.js:117478:29)\n    at Context.thenFn (http://localhost:3000/__cypress/runner/cypress_runner.js:69293:23)\n    at Context.then (http://localhost:3000/__cypress/runner/cypress_runner.js:69660:21)\n    at Context.<anonymous> (http://localhost:3000/__cypress/runner/cypress_runner.js:81414:21)\n    at http://localhost:3000/__cypress/runner/cypress_runner.js:80892:33\n    at tryCatcher (http://localhost:3000/__cypress/runner/cypress_runner.js:120203:23)\n    at Promise._settlePromiseFromHandler (http://localhost:3000/__cypress/runner/cypress_runner.js:118139:31)\n    at Promise._settlePromise (http://localhost:3000/__cypress/runner/cypress_runner.js:118196:18)\n    at Promise._settlePromiseCtx (http://localhost:3000/__cypress/runner/cypress_runner.js:118233:10)\n    at Async../node_modules/bluebird/js/release/async.js.Async._drainQueue (http://localhost:3000/__cypress/runner/cypress_runner.js:114933:12)\n    at Async../node_modules/bluebird/js/release/async.js.Async._drainQueues (http://localhost:3000/__cypress/runner/cypress_runner.js:114938:10)\n    at Async.drainQueues (http://localhost:3000/__cypress/runner/cypress_runner.js:114812:14)",
                    "diff": null
                  },
                  "uuid": "e844f92e-239e-4712-aa8c-360c2420c242",
                  "parentUUID": "b2d59d7f-195f-4e11-91d9-26a3f6980189",
                  "isHook": false,
                  "skipped": false
                },
                {
                  "title": "A rota muda para a tela de login",
                  "fullTitle": "Profile screen 87 - Redirecione a pessoa usuária que, ao clicar no botão de \"Sair\", o `localStorage` deve ser limpo e a rota deve mudar para a tela de login A rota muda para a tela de login",
                  "timedOut": null,
                  "duration": 243,
                  "state": "passed",
                  "speed": "slow",
                  "pass": true,
                  "fail": false,
                  "pending": false,
                  "context": null,
                  "code": "cy.get('[data-testid=\"profile-logout-btn\"]').click();\ncy.location().should(function (loc) {\n  return expect(loc.pathname).to.eq('/');\n});",
                  "err": {},
                  "uuid": "1fb3d506-5228-4b43-a66b-d52767e57e03",
                  "parentUUID": "b2d59d7f-195f-4e11-91d9-26a3f6980189",
                  "isHook": false,
                  "skipped": false
                }
              ],
              "suites": [],
              "passes": [
                "1fb3d506-5228-4b43-a66b-d52767e57e03"
              ],
              "failures": [
                "e844f92e-239e-4712-aa8c-360c2420c242"
              ],
              "pending": [],
              "skipped": [],
              "duration": 1464,
              "root": false,
              "rootEmpty": false,
              "_timeout": 2000
            }
          ],
          "passes": [],
          "failures": [],
          "pending": [],
          "skipped": [],
          "duration": 0,
          "root": false,
          "rootEmpty": false,
          "_timeout": 2000
        }
      ],
      "passes": [],
      "failures": [],
      "pending": [],
      "skipped": [],
      "duration": 0,
      "root": true,
      "rootEmpty": true,
      "_timeout": 2000
    }
  ],
  "meta": {
    "mocha": {
      "version": "8.2.1"
    },
    "mochawesome": {
      "options": {
        "quiet": false,
        "reportFilename": "mochawesome",
        "saveHtml": false,
        "saveJson": true,
        "consoleReporter": "spec",
        "useInlineDiffs": false,
        "code": true
      },
      "version": "6.2.1"
    },
    "marge": {
      "options": {
        "id": "default",
        "reportDir": "cypress/reports",
        "overwrite": false,
        "html": false,
        "json": true
      },
      "version": "5.1.0"
    }
  }
}