{
  "stats": {
    "suites": 3,
    "tests": 4,
    "passes": 0,
    "pending": 0,
    "failures": 4,
    "start": "2021-07-09T19:32:36.551Z",
    "end": "2021-07-09T19:33:19.583Z",
    "duration": 43032,
    "testsRegistered": 4,
    "passPercent": 0,
    "pendingPercent": 0,
    "other": 0,
    "hasOther": false,
    "skipped": 0,
    "hasSkipped": false
  },
  "results": [
    {
      "uuid": "14f06d73-c242-438e-a1a5-3889a0f7ca62",
      "title": "",
      "fullFile": "cypress/integration/explore_spec.js",
      "file": "cypress/integration/explore_spec.js",
      "beforeHooks": [],
      "afterHooks": [],
      "tests": [],
      "suites": [
        {
          "uuid": "48863140-d23e-46cd-89f4-c51760f7bcac",
          "title": "67 - Implemente os elementos da tela de explorar respeitando os atributos descritos no protótipo",
          "fullFile": "",
          "file": "",
          "beforeHooks": [],
          "afterHooks": [],
          "tests": [
            {
              "title": "Tem os data-testids explore-food e explore-drinks",
              "fullTitle": "67 - Implemente os elementos da tela de explorar respeitando os atributos descritos no protótipo Tem os data-testids explore-food e explore-drinks",
              "timedOut": null,
              "duration": 10936,
              "state": "failed",
              "speed": null,
              "pass": false,
              "fail": true,
              "pending": false,
              "context": null,
              "code": "cy.visit('http://localhost:3000/explorar');\ncy.get('[data-testid=\"explore-food\"]');\ncy.get('[data-testid=\"explore-drinks\"]');",
              "err": {
                "message": "CypressError: Timed out retrying: Expected to find element: '[data-testid=\"explore-food\"]', but never found it.",
                "estack": "CypressError: Timed out retrying: Expected to find element: '[data-testid=\"explore-food\"]', but never found it.\n    at Object.cypressErr (http://localhost:3000/__cypress/runner/cypress_runner.js:86207:11)\n    at Object.throwErr (http://localhost:3000/__cypress/runner/cypress_runner.js:86162:18)\n    at Object.throwErrByPath (http://localhost:3000/__cypress/runner/cypress_runner.js:86194:17)\n    at retry (http://localhost:3000/__cypress/runner/cypress_runner.js:76849:16)\n    at onFailFn (http://localhost:3000/__cypress/runner/cypress_runner.js:65634:16)\n    at tryCatcher (http://localhost:3000/__cypress/runner/cypress_runner.js:120203:23)\n    at Promise._settlePromiseFromHandler (http://localhost:3000/__cypress/runner/cypress_runner.js:118139:31)\n    at Promise._settlePromise (http://localhost:3000/__cypress/runner/cypress_runner.js:118196:18)\n    at Promise._settlePromise0 (http://localhost:3000/__cypress/runner/cypress_runner.js:118241:10)\n    at Promise._settlePromises (http://localhost:3000/__cypress/runner/cypress_runner.js:118316:18)\n    at Async../node_modules/bluebird/js/release/async.js.Async._drainQueue (http://localhost:3000/__cypress/runner/cypress_runner.js:114928:16)\n    at Async../node_modules/bluebird/js/release/async.js.Async._drainQueues (http://localhost:3000/__cypress/runner/cypress_runner.js:114938:10)\n    at Async.drainQueues (http://localhost:3000/__cypress/runner/cypress_runner.js:114812:14)",
                "diff": null
              },
              "uuid": "76b3555a-3dd9-431d-9aee-b2716c9c8656",
              "parentUUID": "48863140-d23e-46cd-89f4-c51760f7bcac",
              "isHook": false,
              "skipped": false
            }
          ],
          "suites": [],
          "passes": [],
          "failures": [
            "76b3555a-3dd9-431d-9aee-b2716c9c8656"
          ],
          "pending": [],
          "skipped": [],
          "duration": 10936,
          "root": false,
          "rootEmpty": false,
          "_timeout": 2000
        },
        {
          "uuid": "4674467b-c757-49fa-831a-9ef60d2b1990",
          "title": "68 - Desenvolva a tela de maneira que tenha 2 botões: um para explorar comidas e o outro para explorar bebidas",
          "fullFile": "",
          "file": "",
          "beforeHooks": [],
          "afterHooks": [],
          "tests": [
            {
              "title": "O nomes dos botões devem ser \"Explorar Comidas\" e \"Explorar Bebidas\"",
              "fullTitle": "68 - Desenvolva a tela de maneira que tenha 2 botões: um para explorar comidas e o outro para explorar bebidas O nomes dos botões devem ser \"Explorar Comidas\" e \"Explorar Bebidas\"",
              "timedOut": null,
              "duration": 10419,
              "state": "failed",
              "speed": null,
              "pass": false,
              "fail": true,
              "pending": false,
              "context": null,
              "code": "cy.visit('http://localhost:3000/explorar');\ncy.get('[data-testid=\"explore-food\"]').contains('Explorar Comidas');\ncy.get('[data-testid=\"explore-drinks\"]').contains('Explorar Bebidas');",
              "err": {
                "message": "CypressError: Timed out retrying: Expected to find element: '[data-testid=\"explore-food\"]', but never found it.",
                "estack": "CypressError: Timed out retrying: Expected to find element: '[data-testid=\"explore-food\"]', but never found it.\n    at Object.cypressErr (http://localhost:3000/__cypress/runner/cypress_runner.js:86207:11)\n    at Object.throwErr (http://localhost:3000/__cypress/runner/cypress_runner.js:86162:18)\n    at Object.throwErrByPath (http://localhost:3000/__cypress/runner/cypress_runner.js:86194:17)\n    at retry (http://localhost:3000/__cypress/runner/cypress_runner.js:76849:16)\n    at onFailFn (http://localhost:3000/__cypress/runner/cypress_runner.js:65634:16)\n    at tryCatcher (http://localhost:3000/__cypress/runner/cypress_runner.js:120203:23)\n    at Promise._settlePromiseFromHandler (http://localhost:3000/__cypress/runner/cypress_runner.js:118139:31)\n    at Promise._settlePromise (http://localhost:3000/__cypress/runner/cypress_runner.js:118196:18)\n    at Promise._settlePromise0 (http://localhost:3000/__cypress/runner/cypress_runner.js:118241:10)\n    at Promise._settlePromises (http://localhost:3000/__cypress/runner/cypress_runner.js:118316:18)\n    at Async../node_modules/bluebird/js/release/async.js.Async._drainQueue (http://localhost:3000/__cypress/runner/cypress_runner.js:114928:16)\n    at Async../node_modules/bluebird/js/release/async.js.Async._drainQueues (http://localhost:3000/__cypress/runner/cypress_runner.js:114938:10)\n    at Async.drainQueues (http://localhost:3000/__cypress/runner/cypress_runner.js:114812:14)",
                "diff": null
              },
              "uuid": "d5f1d766-f9de-4996-afdd-7bad7fa3cb43",
              "parentUUID": "4674467b-c757-49fa-831a-9ef60d2b1990",
              "isHook": false,
              "skipped": false
            }
          ],
          "suites": [],
          "passes": [],
          "failures": [
            "d5f1d766-f9de-4996-afdd-7bad7fa3cb43"
          ],
          "pending": [],
          "skipped": [],
          "duration": 10419,
          "root": false,
          "rootEmpty": false,
          "_timeout": 2000
        },
        {
          "uuid": "4f650abf-f26b-4932-9f62-074141a86542",
          "title": "69 - Redirecione a pessoa usuária ao clicar em um dos botões, a rota deve mudar para a página de explorar comidas ou de explorar bebidas",
          "fullFile": "",
          "file": "",
          "beforeHooks": [],
          "afterHooks": [],
          "tests": [
            {
              "title": "Os nomes dos botões devem ser \"Explorar Comidas\" e \"Explorar Bebidas\"",
              "fullTitle": "69 - Redirecione a pessoa usuária ao clicar em um dos botões, a rota deve mudar para a página de explorar comidas ou de explorar bebidas Os nomes dos botões devem ser \"Explorar Comidas\" e \"Explorar Bebidas\"",
              "timedOut": null,
              "duration": 10341,
              "state": "failed",
              "speed": null,
              "pass": false,
              "fail": true,
              "pending": false,
              "context": null,
              "code": "cy.visit('http://localhost:3000/explorar');\ncy.get('[data-testid=\"explore-food\"]').click();\ncy.location().should(function (loc) {\n  return expect(loc.pathname).to.eq('/explorar/comidas');\n});",
              "err": {
                "message": "CypressError: Timed out retrying: Expected to find element: '[data-testid=\"explore-food\"]', but never found it.",
                "estack": "CypressError: Timed out retrying: Expected to find element: '[data-testid=\"explore-food\"]', but never found it.\n    at Object.cypressErr (http://localhost:3000/__cypress/runner/cypress_runner.js:86207:11)\n    at Object.throwErr (http://localhost:3000/__cypress/runner/cypress_runner.js:86162:18)\n    at Object.throwErrByPath (http://localhost:3000/__cypress/runner/cypress_runner.js:86194:17)\n    at retry (http://localhost:3000/__cypress/runner/cypress_runner.js:76849:16)\n    at onFailFn (http://localhost:3000/__cypress/runner/cypress_runner.js:65634:16)\n    at tryCatcher (http://localhost:3000/__cypress/runner/cypress_runner.js:120203:23)\n    at Promise._settlePromiseFromHandler (http://localhost:3000/__cypress/runner/cypress_runner.js:118139:31)\n    at Promise._settlePromise (http://localhost:3000/__cypress/runner/cypress_runner.js:118196:18)\n    at Promise._settlePromise0 (http://localhost:3000/__cypress/runner/cypress_runner.js:118241:10)\n    at Promise._settlePromises (http://localhost:3000/__cypress/runner/cypress_runner.js:118316:18)\n    at Async../node_modules/bluebird/js/release/async.js.Async._drainQueue (http://localhost:3000/__cypress/runner/cypress_runner.js:114928:16)\n    at Async../node_modules/bluebird/js/release/async.js.Async._drainQueues (http://localhost:3000/__cypress/runner/cypress_runner.js:114938:10)\n    at Async.drainQueues (http://localhost:3000/__cypress/runner/cypress_runner.js:114812:14)",
                "diff": null
              },
              "uuid": "07831105-8942-4355-9817-ed5022ca126d",
              "parentUUID": "4f650abf-f26b-4932-9f62-074141a86542",
              "isHook": false,
              "skipped": false
            },
            {
              "title": "Os nomes dos botões devem ser \"Explorar Comidas\" e \"Explorar Bebidas\"",
              "fullTitle": "69 - Redirecione a pessoa usuária ao clicar em um dos botões, a rota deve mudar para a página de explorar comidas ou de explorar bebidas Os nomes dos botões devem ser \"Explorar Comidas\" e \"Explorar Bebidas\"",
              "timedOut": null,
              "duration": 10366,
              "state": "failed",
              "speed": null,
              "pass": false,
              "fail": true,
              "pending": false,
              "context": null,
              "code": "cy.visit('http://localhost:3000/explorar');\ncy.get('[data-testid=\"explore-drinks\"]').click();\ncy.location().should(function (loc) {\n  return expect(loc.pathname).to.eq('/explorar/bebidas');\n});",
              "err": {
                "message": "CypressError: Timed out retrying: Expected to find element: '[data-testid=\"explore-drinks\"]', but never found it.",
                "estack": "CypressError: Timed out retrying: Expected to find element: '[data-testid=\"explore-drinks\"]', but never found it.\n    at Object.cypressErr (http://localhost:3000/__cypress/runner/cypress_runner.js:86207:11)\n    at Object.throwErr (http://localhost:3000/__cypress/runner/cypress_runner.js:86162:18)\n    at Object.throwErrByPath (http://localhost:3000/__cypress/runner/cypress_runner.js:86194:17)\n    at retry (http://localhost:3000/__cypress/runner/cypress_runner.js:76849:16)\n    at onFailFn (http://localhost:3000/__cypress/runner/cypress_runner.js:65634:16)\n    at tryCatcher (http://localhost:3000/__cypress/runner/cypress_runner.js:120203:23)\n    at Promise._settlePromiseFromHandler (http://localhost:3000/__cypress/runner/cypress_runner.js:118139:31)\n    at Promise._settlePromise (http://localhost:3000/__cypress/runner/cypress_runner.js:118196:18)\n    at Promise._settlePromise0 (http://localhost:3000/__cypress/runner/cypress_runner.js:118241:10)\n    at Promise._settlePromises (http://localhost:3000/__cypress/runner/cypress_runner.js:118316:18)\n    at Async../node_modules/bluebird/js/release/async.js.Async._drainQueue (http://localhost:3000/__cypress/runner/cypress_runner.js:114928:16)\n    at Async../node_modules/bluebird/js/release/async.js.Async._drainQueues (http://localhost:3000/__cypress/runner/cypress_runner.js:114938:10)\n    at Async.drainQueues (http://localhost:3000/__cypress/runner/cypress_runner.js:114812:14)",
                "diff": null
              },
              "uuid": "92a3e76b-e4b3-4137-87a0-05d2b5cdaeb0",
              "parentUUID": "4f650abf-f26b-4932-9f62-074141a86542",
              "isHook": false,
              "skipped": false
            }
          ],
          "suites": [],
          "passes": [],
          "failures": [
            "07831105-8942-4355-9817-ed5022ca126d",
            "92a3e76b-e4b3-4137-87a0-05d2b5cdaeb0"
          ],
          "pending": [],
          "skipped": [],
          "duration": 20707,
          "root": false,
          "rootEmpty": false,
          "_timeout": 2000
        }
      ],
      "passes": [],
      "failures": [],
      "pending": [],
      "skipped": [],
      "duration": 0,
      "root": true,
      "rootEmpty": true,
      "_timeout": 2000
    }
  ],
  "meta": {
    "mocha": {
      "version": "8.2.1"
    },
    "mochawesome": {
      "options": {
        "quiet": false,
        "reportFilename": "mochawesome",
        "saveHtml": false,
        "saveJson": true,
        "consoleReporter": "spec",
        "useInlineDiffs": false,
        "code": true
      },
      "version": "6.2.1"
    },
    "marge": {
      "options": {
        "id": "default",
        "reportDir": "cypress/reports",
        "overwrite": false,
        "html": false,
        "json": true
      },
      "version": "5.1.0"
    }
  }
}